<?xml version="1.0" encoding="UTF-8"?>
<!-- Generated by org.testng.reporters.JUnitXMLReporter -->
<testsuite hostname="DESKTOP-Q571TB8" name="Test" tests="2" failures="1" timestamp="7 Mar 2017 18:34:06 GMT" time="10491.154" errors="0">
  <testcase name="@BeforeMethod beforeMethod" time="0.0" classname="testcases.TC004_EditLead">
    <failure type="java.lang.StackOverflowError">
      <![CDATA[java.lang.StackOverflowError
	at java.security.AccessController.doPrivileged(Native Method)
	at java.net.URLClassLoader.findClass(Unknown Source)
	at java.lang.ClassLoader.loadClass(Unknown Source)
	at java.lang.ClassLoader.loadClass(Unknown Source)
	at sun.misc.Launcher$AppClassLoader.loadClass(Unknown Source)
	at java.lang.ClassLoader.loadClass(Unknown Source)
	at org.openqa.selenium.remote.service.DriverCommandExecutor.execute(DriverCommandExecutor.java:84)
	at org.openqa.selenium.remote.RemoteWebDriver.execute(RemoteWebDriver.java:601)
	at org.openqa.selenium.remote.RemoteWebDriver.execute(RemoteWebDriver.java:658)
	at org.openqa.selenium.remote.RemoteWebDriver.getScreenshotAs(RemoteWebDriver.java:340)
	at wrappers.GenericWrappers.takeSnap(GenericWrappers.java:584)
	at utils.Reporter.reportStep(Reporter.java:20)
	at utils.Reporter.reportStep(Reporter.java:43)
	at wrappers.GenericWrappers.takeSnap(GenericWrappers.java:586)
	at utils.Reporter.reportStep(Reporter.java:20)
	at utils.Reporter.reportStep(Reporter.java:43)
	at wrappers.GenericWrappers.takeSnap(GenericWrappers.java:586)
	at utils.Reporter.reportStep(Reporter.java:20)
	at utils.Reporter.reportStep(Reporter.java:43)
	at wrappers.GenericWrappers.takeSnap(GenericWrappers.java:586)
	at utils.Reporter.reportStep(Reporter.java:20)
	at utils.Reporter.reportStep(Reporter.java:43)
	at wrappers.GenericWrappers.takeSnap(GenericWrappers.java:586)
	at utils.Reporter.reportStep(Reporter.java:20)
	at utils.Reporter.reportStep(Reporter.java:43)
	at wrappers.GenericWrappers.takeSnap(GenericWrappers.java:586)
	at utils.Reporter.reportStep(Reporter.java:20)
	at utils.Reporter.reportStep(Reporter.java:43)
	at wrappers.GenericWrappers.takeSnap(GenericWrappers.java:586)
	at utils.Reporter.reportStep(Reporter.java:20)
	at utils.Reporter.reportStep(Reporter.java:43)
	at wrappers.GenericWrappers.takeSnap(GenericWrappers.java:586)
	at utils.Reporter.reportStep(Reporter.java:20)
	at utils.Reporter.reportStep(Reporter.java:43)
	at wrappers.GenericWrappers.takeSnap(GenericWrappers.java:586)
	at utils.Reporter.reportStep(Reporter.java:20)
	at utils.Reporter.reportStep(Reporter.java:43)
	at wrappers.GenericWrappers.takeSnap(GenericWrappers.java:586)
	at utils.Reporter.reportStep(Reporter.java:20)
	at utils.Reporter.reportStep(Reporter.java:43)
	at wrappers.GenericWrappers.takeSnap(GenericWrappers.java:586)
	at utils.Reporter.reportStep(Reporter.java:20)
	at utils.Reporter.reportStep(Reporter.java:43)
	at wrappers.GenericWrappers.takeSnap(GenericWrappers.java:586)
	at utils.Reporter.reportStep(Reporter.java:20)
	at utils.Reporter.reportStep(Reporter.java:43)
	at wrappers.GenericWrappers.takeSnap(GenericWrappers.java:586)
	at utils.Reporter.reportStep(Reporter.java:20)
	at utils.Reporter.reportStep(Reporter.java:43)
	at wrappers.GenericWrappers.takeSnap(GenericWrappers.java:586)
	at utils.Reporter.reportStep(Reporter.java:20)
	at utils.Reporter.reportStep(Reporter.java:43)
	at wrappers.GenericWrappers.takeSnap(GenericWrappers.java:586)
	at utils.Reporter.reportStep(Reporter.java:20)
	at utils.Reporter.reportStep(Reporter.java:43)
	at wrappers.GenericWrappers.takeSnap(GenericWrappers.java:586)
	at utils.Reporter.reportStep(Reporter.java:20)
	at utils.Reporter.reportStep(Reporter.java:43)
	at wrappers.GenericWrappers.takeSnap(GenericWrappers.java:586)
	at utils.Reporter.reportStep(Reporter.java:20)
	at utils.Reporter.reportStep(Reporter.java:43)
	at wrappers.GenericWrappers.takeSnap(GenericWrappers.java:586)
	at utils.Reporter.reportStep(Reporter.java:20)
	at utils.Reporter.reportStep(Reporter.java:43)
	at wrappers.GenericWrappers.takeSnap(GenericWrappers.java:586)
	at utils.Reporter.reportStep(Reporter.java:20)
	at utils.Reporter.reportStep(Reporter.java:43)
	at wrappers.GenericWrappers.takeSnap(GenericWrappers.java:586)
	at utils.Reporter.reportStep(Reporter.java:20)
	at utils.Reporter.reportStep(Reporter.java:43)
	at wrappers.GenericWrappers.takeSnap(GenericWrappers.java:586)
	at utils.Reporter.reportStep(Reporter.java:20)
	at utils.Reporter.reportStep(Reporter.java:43)
	at wrappers.GenericWrappers.takeSnap(GenericWrappers.java:586)
	at utils.Reporter.reportStep(Reporter.java:20)
	at utils.Reporter.reportStep(Reporter.java:43)
	at wrappers.GenericWrappers.takeSnap(GenericWrappers.java:586)
	at utils.Reporter.reportStep(Reporter.java:20)
	at utils.Reporter.reportStep(Reporter.java:43)
	at wrappers.GenericWrappers.takeSnap(GenericWrappers.java:586)
	at utils.Reporter.reportStep(Reporter.java:20)
	at utils.Reporter.reportStep(Reporter.java:43)
	at wrappers.GenericWrappers.takeSnap(GenericWrappers.java:586)
	at utils.Reporter.reportStep(Reporter.java:20)
	at utils.Reporter.reportStep(Reporter.java:43)
	at wrappers.GenericWrappers.takeSnap(GenericWrappers.java:586)
	at utils.Reporter.reportStep(Reporter.java:20)
	at utils.Reporter.reportStep(Reporter.java:43)
	at wrappers.GenericWrappers.takeSnap(GenericWrappers.java:586)
	at utils.Reporter.reportStep(Reporter.java:20)
	at utils.Reporter.reportStep(Reporter.java:43)
	at wrappers.GenericWrappers.takeSnap(GenericWrappers.java:586)
	at utils.Reporter.reportStep(Reporter.java:20)
	at utils.Reporter.reportStep(Reporter.java:43)
	at wrappers.GenericWrappers.takeSnap(GenericWrappers.java:586)
	at utils.Reporter.reportStep(Reporter.java:20)
	at utils.Reporter.reportStep(Reporter.java:43)
	at wrappers.GenericWrappers.takeSnap(GenericWrappers.java:586)
	at utils.Reporter.reportStep(Reporter.java:20)
	at utils.Reporter.reportStep(Reporter.java:43)
	at wrappers.GenericWrappers.takeSnap(GenericWrappers.java:586)
	at utils.Reporter.reportStep(Reporter.java:20)
	at utils.Reporter.reportStep(Reporter.java:43)
	at wrappers.GenericWrappers.takeSnap(GenericWrappers.java:586)
	at utils.Reporter.reportStep(Reporter.java:20)
	at utils.Reporter.reportStep(Reporter.java:43)
	at wrappers.GenericWrappers.takeSnap(GenericWrappers.java:586)
	at utils.Reporter.reportStep(Reporter.java:20)
	at utils.Reporter.reportStep(Reporter.java:43)
	at wrappers.GenericWrappers.takeSnap(GenericWrappers.java:586)
	at utils.Reporter.reportStep(Reporter.java:20)
	at utils.Reporter.reportStep(Reporter.java:43)
	at wrappers.GenericWrappers.takeSnap(GenericWrappers.java:586)
	at utils.Reporter.reportStep(Reporter.java:20)
	at utils.Reporter.reportStep(Reporter.java:43)
	at wrappers.GenericWrappers.takeSnap(GenericWrappers.java:586)
	at utils.Reporter.reportStep(Reporter.java:20)
	at utils.Reporter.reportStep(Reporter.java:43)
	at wrappers.GenericWrappers.takeSnap(GenericWrappers.java:586)
	at utils.Reporter.reportStep(Reporter.java:20)
	at utils.Reporter.reportStep(Reporter.java:43)
	at wrappers.GenericWrappers.takeSnap(GenericWrappers.java:586)
	at utils.Reporter.reportStep(Reporter.java:20)
	at utils.Reporter.reportStep(Reporter.java:43)
	at wrappers.GenericWrappers.takeSnap(GenericWrappers.java:586)
	at utils.Reporter.reportStep(Reporter.java:20)
	at utils.Reporter.reportStep(Reporter.java:43)
	at wrappers.GenericWrappers.takeSnap(GenericWrappers.java:586)
	at utils.Reporter.reportStep(Reporter.java:20)
	at utils.Reporter.reportStep(Reporter.java:43)
	at wrappers.GenericWrappers.takeSnap(GenericWrappers.java:586)
	at utils.Reporter.reportStep(Reporter.java:20)
	at utils.Reporter.reportStep(Reporter.java:43)
	at wrappers.GenericWrappers.takeSnap(GenericWrappers.java:586)
	at utils.Reporter.reportStep(Reporter.java:20)
	at utils.Reporter.reportStep(Reporter.java:43)
	at wrappers.GenericWrappers.takeSnap(GenericWrappers.java:586)
	at utils.Reporter.reportStep(Reporter.java:20)
	at utils.Reporter.reportStep(Reporter.java:43)
	at wrappers.GenericWrappers.takeSnap(GenericWrappers.java:586)
	at utils.Reporter.reportStep(Reporter.java:20)
	at utils.Reporter.reportStep(Reporter.java:43)
	at wrappers.GenericWrappers.takeSnap(GenericWrappers.java:586)
	at utils.Reporter.reportStep(Reporter.java:20)
	at utils.Reporter.reportStep(Reporter.java:43)
	at wrappers.GenericWrappers.takeSnap(GenericWrappers.java:586)
	at utils.Reporter.reportStep(Reporter.java:20)
	at utils.Reporter.reportStep(Reporter.java:43)
	at wrappers.GenericWrappers.takeSnap(GenericWrappers.java:586)
	at utils.Reporter.reportStep(Reporter.java:20)
	at utils.Reporter.reportStep(Reporter.java:43)
	at wrappers.GenericWrappers.takeSnap(GenericWrappers.java:586)
	at utils.Reporter.reportStep(Reporter.java:20)
	at utils.Reporter.reportStep(Reporter.java:43)
	at wrappers.GenericWrappers.takeSnap(GenericWrappers.java:586)
	at utils.Reporter.reportStep(Reporter.java:20)
	at utils.Reporter.reportStep(Reporter.java:43)
	at wrappers.GenericWrappers.takeSnap(GenericWrappers.java:586)
	at utils.Reporter.reportStep(Reporter.java:20)
	at utils.Reporter.reportStep(Reporter.java:43)
	at wrappers.GenericWrappers.takeSnap(GenericWrappers.java:586)
	at utils.Reporter.reportStep(Reporter.java:20)
	at utils.Reporter.reportStep(Reporter.java:43)
	at wrappers.GenericWrappers.takeSnap(GenericWrappers.java:586)
	at utils.Reporter.reportStep(Reporter.java:20)
	at utils.Reporter.reportStep(Reporter.java:43)
	at wrappers.GenericWrappers.takeSnap(GenericWrappers.java:586)
	at utils.Reporter.reportStep(Reporter.java:20)
	at utils.Reporter.reportStep(Reporter.java:43)
	at wrappers.GenericWrappers.takeSnap(GenericWrappers.java:586)
	at utils.Reporter.reportStep(Reporter.java:20)
	at utils.Reporter.reportStep(Reporter.java:43)
	at wrappers.GenericWrappers.takeSnap(GenericWrappers.java:586)
	at utils.Reporter.reportStep(Reporter.java:20)
	at utils.Reporter.reportStep(Reporter.java:43)
	at wrappers.GenericWrappers.takeSnap(GenericWrappers.java:586)
	at utils.Reporter.reportStep(Reporter.java:20)
	at utils.Reporter.reportStep(Reporter.java:43)
	at wrappers.GenericWrappers.takeSnap(GenericWrappers.java:586)
	at utils.Reporter.reportStep(Reporter.java:20)
	at utils.Reporter.reportStep(Reporter.java:43)
	at wrappers.GenericWrappers.takeSnap(GenericWrappers.java:586)
	at utils.Reporter.reportStep(Reporter.java:20)
	at utils.Reporter.reportStep(Reporter.java:43)
	at wrappers.GenericWrappers.takeSnap(GenericWrappers.java:586)
	at utils.Reporter.reportStep(Reporter.java:20)
	at utils.Reporter.reportStep(Reporter.java:43)
	at wrappers.GenericWrappers.takeSnap(GenericWrappers.java:586)
	at utils.Reporter.reportStep(Reporter.java:20)
	at utils.Reporter.reportStep(Reporter.java:43)
	at wrappers.GenericWrappers.takeSnap(GenericWrappers.java:586)
	at utils.Reporter.reportStep(Reporter.java:20)
	at utils.Reporter.reportStep(Reporter.java:43)
	at wrappers.GenericWrappers.takeSnap(GenericWrappers.java:586)
	at utils.Reporter.reportStep(Reporter.java:20)
	at utils.Reporter.reportStep(Reporter.java:43)
	at wrappers.GenericWrappers.takeSnap(GenericWrappers.java:586)
	at utils.Reporter.reportStep(Reporter.java:20)
	at utils.Reporter.reportStep(Reporter.java:43)
	at wrappers.GenericWrappers.takeSnap(GenericWrappers.java:586)
	at utils.Reporter.reportStep(Reporter.java:20)
	at utils.Reporter.reportStep(Reporter.java:43)
	at wrappers.GenericWrappers.takeSnap(GenericWrappers.java:586)
	at utils.Reporter.reportStep(Reporter.java:20)
	at utils.Reporter.reportStep(Reporter.java:43)
	at wrappers.GenericWrappers.takeSnap(GenericWrappers.java:586)
	at utils.Reporter.reportStep(Reporter.java:20)
	at utils.Reporter.reportStep(Reporter.java:43)
	at wrappers.GenericWrappers.takeSnap(GenericWrappers.java:586)
	at utils.Reporter.reportStep(Reporter.java:20)
	at utils.Reporter.reportStep(Reporter.java:43)
	at wrappers.GenericWrappers.takeSnap(GenericWrappers.java:586)
	at utils.Reporter.reportStep(Reporter.java:20)
	at utils.Reporter.reportStep(Reporter.java:43)
	at wrappers.GenericWrappers.takeSnap(GenericWrappers.java:586)
	at utils.Reporter.reportStep(Reporter.java:20)
	at utils.Reporter.reportStep(Reporter.java:43)
	at wrappers.GenericWrappers.takeSnap(GenericWrappers.java:586)
	at utils.Reporter.reportStep(Reporter.java:20)
	at utils.Reporter.reportStep(Reporter.java:43)
	at wrappers.GenericWrappers.takeSnap(GenericWrappers.java:586)
	at utils.Reporter.reportStep(Reporter.java:20)
	at utils.Reporter.reportStep(Reporter.java:43)
	at wrappers.GenericWrappers.takeSnap(GenericWrappers.java:586)
	at utils.Reporter.reportStep(Reporter.java:20)
	at utils.Reporter.reportStep(Reporter.java:43)
	at wrappers.GenericWrappers.takeSnap(GenericWrappers.java:586)
	at utils.Reporter.reportStep(Reporter.java:20)
	at utils.Reporter.reportStep(Reporter.java:43)
	at wrappers.GenericWrappers.takeSnap(GenericWrappers.java:586)
	at utils.Reporter.reportStep(Reporter.java:20)
	at utils.Reporter.reportStep(Reporter.java:43)
	at wrappers.GenericWrappers.takeSnap(GenericWrappers.java:586)
	at utils.Reporter.reportStep(Reporter.java:20)
	at utils.Reporter.reportStep(Reporter.java:43)
	at wrappers.GenericWrappers.takeSnap(GenericWrappers.java:586)
	at utils.Reporter.reportStep(Reporter.java:20)
	at utils.Reporter.reportStep(Reporter.java:43)
	at wrappers.GenericWrappers.takeSnap(GenericWrappers.java:586)
	at utils.Reporter.reportStep(Reporter.java:20)
	at utils.Reporter.reportStep(Reporter.java:43)
	at wrappers.GenericWrappers.takeSnap(GenericWrappers.java:586)
	at utils.Reporter.reportStep(Reporter.java:20)
	at utils.Reporter.reportStep(Reporter.java:43)
	at wrappers.GenericWrappers.takeSnap(GenericWrappers.java:586)
	at utils.Reporter.reportStep(Reporter.java:20)
	at utils.Reporter.reportStep(Reporter.java:43)
	at wrappers.GenericWrappers.takeSnap(GenericWrappers.java:586)
	at utils.Reporter.reportStep(Reporter.java:20)
	at utils.Reporter.reportStep(Reporter.java:43)
	at wrappers.GenericWrappers.takeSnap(GenericWrappers.java:586)
	at utils.Reporter.reportStep(Reporter.java:20)
	at utils.Reporter.reportStep(Reporter.java:43)
	at wrappers.GenericWrappers.takeSnap(GenericWrappers.java:586)
	at utils.Reporter.reportStep(Reporter.java:20)
	at utils.Reporter.reportStep(Reporter.java:43)
	at wrappers.GenericWrappers.takeSnap(GenericWrappers.java:586)
	at utils.Reporter.reportStep(Reporter.java:20)
	at utils.Reporter.reportStep(Reporter.java:43)
	at wrappers.GenericWrappers.takeSnap(GenericWrappers.java:586)
	at utils.Reporter.reportStep(Reporter.java:20)
	at utils.Reporter.reportStep(Reporter.java:43)
	at wrappers.GenericWrappers.takeSnap(GenericWrappers.java:586)
	at utils.Reporter.reportStep(Reporter.java:20)
	at utils.Reporter.reportStep(Reporter.java:43)
	at wrappers.GenericWrappers.takeSnap(GenericWrappers.java:586)
	at utils.Reporter.reportStep(Reporter.java:20)
	at utils.Reporter.reportStep(Reporter.java:43)
	at wrappers.GenericWrappers.takeSnap(GenericWrappers.java:586)
	at utils.Reporter.reportStep(Reporter.java:20)
	at utils.Reporter.reportStep(Reporter.java:43)
	at wrappers.GenericWrappers.takeSnap(GenericWrappers.java:586)
	at utils.Reporter.reportStep(Reporter.java:20)
	at utils.Reporter.reportStep(Reporter.java:43)
	at wrappers.GenericWrappers.takeSnap(GenericWrappers.java:586)
	at utils.Reporter.reportStep(Reporter.java:20)
	at utils.Reporter.reportStep(Reporter.java:43)
	at wrappers.GenericWrappers.takeSnap(GenericWrappers.java:586)
	at utils.Reporter.reportStep(Reporter.java:20)
	at utils.Reporter.reportStep(Reporter.java:43)
	at wrappers.GenericWrappers.takeSnap(GenericWrappers.java:586)
	at utils.Reporter.reportStep(Reporter.java:20)
	at utils.Reporter.reportStep(Reporter.java:43)
	at wrappers.GenericWrappers.takeSnap(GenericWrappers.java:586)
	at utils.Reporter.reportStep(Reporter.java:20)
	at utils.Reporter.reportStep(Reporter.java:43)
	at wrappers.GenericWrappers.takeSnap(GenericWrappers.java:586)
	at utils.Reporter.reportStep(Reporter.java:20)
	at utils.Reporter.reportStep(Reporter.java:43)
	at wrappers.GenericWrappers.takeSnap(GenericWrappers.java:586)
	at utils.Reporter.reportStep(Reporter.java:20)
	at utils.Reporter.reportStep(Reporter.java:43)
	at wrappers.GenericWrappers.takeSnap(GenericWrappers.java:586)
	at utils.Reporter.reportStep(Reporter.java:20)
	at utils.Reporter.reportStep(Reporter.java:43)
	at wrappers.GenericWrappers.takeSnap(GenericWrappers.java:586)
	at utils.Reporter.reportStep(Reporter.java:20)
	at utils.Reporter.reportStep(Reporter.java:43)
	at wrappers.GenericWrappers.takeSnap(GenericWrappers.java:586)
	at utils.Reporter.reportStep(Reporter.java:20)
	at utils.Reporter.reportStep(Reporter.java:43)
	at wrappers.GenericWrappers.takeSnap(GenericWrappers.java:586)
	at utils.Reporter.reportStep(Reporter.java:20)
	at utils.Reporter.reportStep(Reporter.java:43)
	at wrappers.GenericWrappers.takeSnap(GenericWrappers.java:586)
	at utils.Reporter.reportStep(Reporter.java:20)
	at utils.Reporter.reportStep(Reporter.java:43)
	at wrappers.GenericWrappers.takeSnap(GenericWrappers.java:586)
	at utils.Reporter.reportStep(Reporter.java:20)
	at utils.Reporter.reportStep(Reporter.java:43)
	at wrappers.GenericWrappers.takeSnap(GenericWrappers.java:586)
	at utils.Reporter.reportStep(Reporter.java:20)
	at utils.Reporter.reportStep(Reporter.java:43)
	at wrappers.GenericWrappers.takeSnap(GenericWrappers.java:586)
	at utils.Reporter.reportStep(Reporter.java:20)
	at utils.Reporter.reportStep(Reporter.java:43)
	at wrappers.GenericWrappers.takeSnap(GenericWrappers.java:586)
	at utils.Reporter.reportStep(Reporter.java:20)
	at utils.Reporter.reportStep(Reporter.java:43)
	at wrappers.GenericWrappers.takeSnap(GenericWrappers.java:586)
	at utils.Reporter.reportStep(Reporter.java:20)
	at utils.Reporter.reportStep(Reporter.java:43)
	at wrappers.GenericWrappers.takeSnap(GenericWrappers.java:586)
	at utils.Reporter.reportStep(Reporter.java:20)
	at utils.Reporter.reportStep(Reporter.java:43)
	at wrappers.GenericWrappers.takeSnap(GenericWrappers.java:586)
	at utils.Reporter.reportStep(Reporter.java:20)
	at utils.Reporter.reportStep(Reporter.java:43)
	at wrappers.GenericWrappers.takeSnap(GenericWrappers.java:586)
	at utils.Reporter.reportStep(Reporter.java:20)
	at utils.Reporter.reportStep(Reporter.java:43)
	at wrappers.GenericWrappers.takeSnap(GenericWrappers.java:586)
	at utils.Reporter.reportStep(Reporter.java:20)
	at utils.Reporter.reportStep(Reporter.java:43)
	at wrappers.GenericWrappers.takeSnap(GenericWrappers.java:586)
	at utils.Reporter.reportStep(Reporter.java:20)
	at utils.Reporter.reportStep(Reporter.java:43)
	at wrappers.GenericWrappers.takeSnap(GenericWrappers.java:586)
	at utils.Reporter.reportStep(Reporter.java:20)
	at utils.Reporter.reportStep(Reporter.java:43)
	at wrappers.GenericWrappers.takeSnap(GenericWrappers.java:586)
	at utils.Reporter.reportStep(Reporter.java:20)
	at utils.Reporter.reportStep(Reporter.java:43)
	at wrappers.GenericWrappers.takeSnap(GenericWrappers.java:586)
	at utils.Reporter.reportStep(Reporter.java:20)
	at utils.Reporter.reportStep(Reporter.java:43)
	at wrappers.GenericWrappers.takeSnap(GenericWrappers.java:586)
	at utils.Reporter.reportStep(Reporter.java:20)
	at utils.Reporter.reportStep(Reporter.java:43)
	at wrappers.GenericWrappers.takeSnap(GenericWrappers.java:586)
	at utils.Reporter.reportStep(Reporter.java:20)
	at utils.Reporter.reportStep(Reporter.java:43)
	at wrappers.GenericWrappers.takeSnap(GenericWrappers.java:586)
	at utils.Reporter.reportStep(Reporter.java:20)
	at utils.Reporter.reportStep(Reporter.java:43)
	at wrappers.GenericWrappers.takeSnap(GenericWrappers.java:586)
	at utils.Reporter.reportStep(Reporter.java:20)
	at utils.Reporter.reportStep(Reporter.java:43)
	at wrappers.GenericWrappers.takeSnap(GenericWrappers.java:586)
	at utils.Reporter.reportStep(Reporter.java:20)
	at utils.Reporter.reportStep(Reporter.java:43)
	at wrappers.GenericWrappers.takeSnap(GenericWrappers.java:586)
	at utils.Reporter.reportStep(Reporter.java:20)
	at utils.Reporter.reportStep(Reporter.java:43)
	at wrappers.GenericWrappers.takeSnap(GenericWrappers.java:586)
	at utils.Reporter.reportStep(Reporter.java:20)
	at utils.Reporter.reportStep(Reporter.java:43)
	at wrappers.GenericWrappers.takeSnap(GenericWrappers.java:586)
	at utils.Reporter.reportStep(Reporter.java:20)
	at utils.Reporter.reportStep(Reporter.java:43)
	at wrappers.GenericWrappers.takeSnap(GenericWrappers.java:586)
	at utils.Reporter.reportStep(Reporter.java:20)
	at utils.Reporter.reportStep(Reporter.java:43)
	at wrappers.GenericWrappers.takeSnap(GenericWrappers.java:586)
	at utils.Reporter.reportStep(Reporter.java:20)
	at utils.Reporter.reportStep(Reporter.java:43)
	at wrappers.GenericWrappers.takeSnap(GenericWrappers.java:586)
	at utils.Reporter.reportStep(Reporter.java:20)
	at utils.Reporter.reportStep(Reporter.java:43)
	at wrappers.GenericWrappers.takeSnap(GenericWrappers.java:586)
	at utils.Reporter.reportStep(Reporter.java:20)
	at utils.Reporter.reportStep(Reporter.java:43)
	at wrappers.GenericWrappers.takeSnap(GenericWrappers.java:586)
	at utils.Reporter.reportStep(Reporter.java:20)
	at utils.Reporter.reportStep(Reporter.java:43)
	at wrappers.GenericWrappers.takeSnap(GenericWrappers.java:586)
	at utils.Reporter.reportStep(Reporter.java:20)
	at utils.Reporter.reportStep(Reporter.java:43)
	at wrappers.GenericWrappers.takeSnap(GenericWrappers.java:586)
	at utils.Reporter.reportStep(Reporter.java:20)
	at utils.Reporter.reportStep(Reporter.java:43)
	at wrappers.GenericWrappers.takeSnap(GenericWrappers.java:586)
	at utils.Reporter.reportStep(Reporter.java:20)
	at utils.Reporter.reportStep(Reporter.java:43)
	at wrappers.GenericWrappers.takeSnap(GenericWrappers.java:586)
	at utils.Reporter.reportStep(Reporter.java:20)
	at utils.Reporter.reportStep(Reporter.java:43)
	at wrappers.GenericWrappers.takeSnap(GenericWrappers.java:586)
	at utils.Reporter.reportStep(Reporter.java:20)
	at utils.Reporter.reportStep(Reporter.java:43)
	at wrappers.GenericWrappers.takeSnap(GenericWrappers.java:586)
	at utils.Reporter.reportStep(Reporter.java:20)
	at utils.Reporter.reportStep(Reporter.java:43)
	at wrappers.GenericWrappers.takeSnap(GenericWrappers.java:586)
	at utils.Reporter.reportStep(Reporter.java:20)
	at utils.Reporter.reportStep(Reporter.java:43)
	at wrappers.GenericWrappers.takeSnap(GenericWrappers.java:586)
	at utils.Reporter.reportStep(Reporter.java:20)
	at utils.Reporter.reportStep(Reporter.java:43)
	at wrappers.GenericWrappers.takeSnap(GenericWrappers.java:586)
	at utils.Reporter.reportStep(Reporter.java:20)
	at utils.Reporter.reportStep(Reporter.java:43)
	at wrappers.GenericWrappers.takeSnap(GenericWrappers.java:586)
	at utils.Reporter.reportStep(Reporter.java:20)
	at utils.Reporter.reportStep(Reporter.java:43)
	at wrappers.GenericWrappers.takeSnap(GenericWrappers.java:586)
	at utils.Reporter.reportStep(Reporter.java:20)
	at utils.Reporter.reportStep(Reporter.java:43)
	at wrappers.GenericWrappers.takeSnap(GenericWrappers.java:586)
	at utils.Reporter.reportStep(Reporter.java:20)
	at utils.Reporter.reportStep(Reporter.java:43)
	at wrappers.GenericWrappers.takeSnap(GenericWrappers.java:586)
	at utils.Reporter.reportStep(Reporter.java:20)
	at utils.Reporter.reportStep(Reporter.java:43)
	at wrappers.GenericWrappers.takeSnap(GenericWrappers.java:586)
	at utils.Reporter.reportStep(Reporter.java:20)
	at utils.Reporter.reportStep(Reporter.java:43)
	at wrappers.GenericWrappers.takeSnap(GenericWrappers.java:586)
	at utils.Reporter.reportStep(Reporter.java:20)
	at utils.Reporter.reportStep(Reporter.java:43)
	at wrappers.GenericWrappers.takeSnap(GenericWrappers.java:586)
	at utils.Reporter.reportStep(Reporter.java:20)
	at utils.Reporter.reportStep(Reporter.java:43)
	at wrappers.GenericWrappers.takeSnap(GenericWrappers.java:586)
	at utils.Reporter.reportStep(Reporter.java:20)
	at utils.Reporter.reportStep(Reporter.java:43)
	at wrappers.GenericWrappers.takeSnap(GenericWrappers.java:586)
	at utils.Reporter.reportStep(Reporter.java:20)
	at utils.Reporter.reportStep(Reporter.java:43)
	at wrappers.GenericWrappers.takeSnap(GenericWrappers.java:586)
	at utils.Reporter.reportStep(Reporter.java:20)
	at utils.Reporter.reportStep(Reporter.java:43)
	at wrappers.GenericWrappers.takeSnap(GenericWrappers.java:586)
	at utils.Reporter.reportStep(Reporter.java:20)
	at utils.Reporter.reportStep(Reporter.java:43)
	at wrappers.GenericWrappers.takeSnap(GenericWrappers.java:586)
	at utils.Reporter.reportStep(Reporter.java:20)
	at utils.Reporter.reportStep(Reporter.java:43)
	at wrappers.GenericWrappers.takeSnap(GenericWrappers.java:586)
	at utils.Reporter.reportStep(Reporter.java:20)
	at utils.Reporter.reportStep(Reporter.java:43)
	at wrappers.GenericWrappers.takeSnap(GenericWrappers.java:586)
	at utils.Reporter.reportStep(Reporter.java:20)
	at utils.Reporter.reportStep(Reporter.java:43)
	at wrappers.GenericWrappers.takeSnap(GenericWrappers.java:586)
	at utils.Reporter.reportStep(Reporter.java:20)
	at utils.Reporter.reportStep(Reporter.java:43)
	at wrappers.GenericWrappers.takeSnap(GenericWrappers.java:586)
	at utils.Reporter.reportStep(Reporter.java:20)
	at utils.Reporter.reportStep(Reporter.java:43)
	at wrappers.GenericWrappers.takeSnap(GenericWrappers.java:586)
	at utils.Reporter.reportStep(Reporter.java:20)
	at utils.Reporter.reportStep(Reporter.java:43)
	at wrappers.GenericWrappers.takeSnap(GenericWrappers.java:586)
	at utils.Reporter.reportStep(Reporter.java:20)
	at utils.Reporter.reportStep(Reporter.java:43)
	at wrappers.GenericWrappers.takeSnap(GenericWrappers.java:586)
	at utils.Reporter.reportStep(Reporter.java:20)
	at utils.Reporter.reportStep(Reporter.java:43)
	at wrappers.GenericWrappers.takeSnap(GenericWrappers.java:586)
	at utils.Reporter.reportStep(Reporter.java:20)
	at utils.Reporter.reportStep(Reporter.java:43)
	at wrappers.GenericWrappers.takeSnap(GenericWrappers.java:586)
	at utils.Reporter.reportStep(Reporter.java:20)
	at utils.Reporter.reportStep(Reporter.java:43)
	at wrappers.GenericWrappers.takeSnap(GenericWrappers.java:586)
	at utils.Reporter.reportStep(Reporter.java:20)
	at utils.Reporter.reportStep(Reporter.java:43)
	at wrappers.GenericWrappers.takeSnap(GenericWrappers.java:586)
	at utils.Reporter.reportStep(Reporter.java:20)
	at utils.Reporter.reportStep(Reporter.java:43)
	at wrappers.GenericWrappers.takeSnap(GenericWrappers.java:586)
	at utils.Reporter.reportStep(Reporter.java:20)
	at utils.Reporter.reportStep(Reporter.java:43)
	at wrappers.GenericWrappers.takeSnap(GenericWrappers.java:586)
	at utils.Reporter.reportStep(Reporter.java:20)
	at utils.Reporter.reportStep(Reporter.java:43)
	at wrappers.GenericWrappers.takeSnap(GenericWrappers.java:586)
	at utils.Reporter.reportStep(Reporter.java:20)
	at utils.Reporter.reportStep(Reporter.java:43)
	at wrappers.GenericWrappers.takeSnap(GenericWrappers.java:586)
	at utils.Reporter.reportStep(Reporter.java:20)
	at utils.Reporter.reportStep(Reporter.java:43)
	at wrappers.GenericWrappers.takeSnap(GenericWrappers.java:586)
	at utils.Reporter.reportStep(Reporter.java:20)
	at utils.Reporter.reportStep(Reporter.java:43)
	at wrappers.GenericWrappers.takeSnap(GenericWrappers.java:586)
	at utils.Reporter.reportStep(Reporter.java:20)
	at utils.Reporter.reportStep(Reporter.java:43)
	at wrappers.GenericWrappers.takeSnap(GenericWrappers.java:586)
	at utils.Reporter.reportStep(Reporter.java:20)
	at utils.Reporter.reportStep(Reporter.java:43)
	at wrappers.GenericWrappers.takeSnap(GenericWrappers.java:586)
	at utils.Reporter.reportStep(Reporter.java:20)
	at utils.Reporter.reportStep(Reporter.java:43)
	at wrappers.GenericWrappers.takeSnap(GenericWrappers.java:586)
	at utils.Reporter.reportStep(Reporter.java:20)
	at utils.Reporter.reportStep(Reporter.java:43)
	at wrappers.GenericWrappers.takeSnap(GenericWrappers.java:586)
	at utils.Reporter.reportStep(Reporter.java:20)
	at utils.Reporter.reportStep(Reporter.java:43)
	at wrappers.GenericWrappers.takeSnap(GenericWrappers.java:586)
	at utils.Reporter.reportStep(Reporter.java:20)
	at utils.Reporter.reportStep(Reporter.java:43)
	at wrappers.GenericWrappers.takeSnap(GenericWrappers.java:586)
	at utils.Reporter.reportStep(Reporter.java:20)
	at utils.Reporter.reportStep(Reporter.java:43)
	at wrappers.GenericWrappers.takeSnap(GenericWrappers.java:586)
	at utils.Reporter.reportStep(Reporter.java:20)
	at utils.Reporter.reportStep(Reporter.java:43)
	at wrappers.GenericWrappers.takeSnap(GenericWrappers.java:586)
	at utils.Reporter.reportStep(Reporter.java:20)
	at utils.Reporter.reportStep(Reporter.java:43)
	at wrappers.GenericWrappers.takeSnap(GenericWrappers.java:586)
	at utils.Reporter.reportStep(Reporter.java:20)
	at utils.Reporter.reportStep(Reporter.java:43)
	at wrappers.GenericWrappers.takeSnap(GenericWrappers.java:586)
	at utils.Reporter.reportStep(Reporter.java:20)
	at utils.Reporter.reportStep(Reporter.java:43)
	at wrappers.GenericWrappers.takeSnap(GenericWrappers.java:586)
	at utils.Reporter.reportStep(Reporter.java:20)
	at utils.Reporter.reportStep(Reporter.java:43)
	at wrappers.GenericWrappers.takeSnap(GenericWrappers.java:586)
	at utils.Reporter.reportStep(Reporter.java:20)
	at utils.Reporter.reportStep(Reporter.java:43)
	at wrappers.GenericWrappers.takeSnap(GenericWrappers.java:586)
	at utils.Reporter.reportStep(Reporter.java:20)
	at utils.Reporter.reportStep(Reporter.java:43)
	at wrappers.GenericWrappers.takeSnap(GenericWrappers.java:586)
	at utils.Reporter.reportStep(Reporter.java:20)
	at utils.Reporter.reportStep(Reporter.java:43)
	at wrappers.GenericWrappers.takeSnap(GenericWrappers.java:586)
	at utils.Reporter.reportStep(Reporter.java:20)
	at utils.Reporter.reportStep(Reporter.java:43)
	at wrappers.GenericWrappers.takeSnap(GenericWrappers.java:586)
	at utils.Reporter.reportStep(Reporter.java:20)
	at utils.Reporter.reportStep(Reporter.java:43)
	at wrappers.GenericWrappers.takeSnap(GenericWrappers.java:586)
	at utils.Reporter.reportStep(Reporter.java:20)
	at utils.Reporter.reportStep(Reporter.java:43)
	at wrappers.GenericWrappers.takeSnap(GenericWrappers.java:586)
	at utils.Reporter.reportStep(Reporter.java:20)
	at utils.Reporter.reportStep(Reporter.java:43)
	at wrappers.GenericWrappers.takeSnap(GenericWrappers.java:586)
	at utils.Reporter.reportStep(Reporter.java:20)
	at utils.Reporter.reportStep(Reporter.java:43)
	at wrappers.GenericWrappers.takeSnap(GenericWrappers.java:586)
	at utils.Reporter.reportStep(Reporter.java:20)
	at utils.Reporter.reportStep(Reporter.java:43)
	at wrappers.GenericWrappers.takeSnap(GenericWrappers.java:586)
	at utils.Reporter.reportStep(Reporter.java:20)
	at utils.Reporter.reportStep(Reporter.java:43)
	at wrappers.GenericWrappers.takeSnap(GenericWrappers.java:586)
	at utils.Reporter.reportStep(Reporter.java:20)
	at utils.Reporter.reportStep(Reporter.java:43)
	at wrappers.GenericWrappers.takeSnap(GenericWrappers.java:586)
	at utils.Reporter.reportStep(Reporter.java:20)
	at utils.Reporter.reportStep(Reporter.java:43)
	at wrappers.GenericWrappers.takeSnap(GenericWrappers.java:586)
	at utils.Reporter.reportStep(Reporter.java:20)
	at utils.Reporter.reportStep(Reporter.java:43)
	at wrappers.GenericWrappers.takeSnap(GenericWrappers.java:586)
	at utils.Reporter.reportStep(Reporter.java:20)
	at utils.Reporter.reportStep(Reporter.java:43)
	at wrappers.GenericWrappers.takeSnap(GenericWrappers.java:586)
	at utils.Reporter.reportStep(Reporter.java:20)
	at utils.Reporter.reportStep(Reporter.java:43)
	at wrappers.GenericWrappers.takeSnap(GenericWrappers.java:586)
	at utils.Reporter.reportStep(Reporter.java:20)
	at utils.Reporter.reportStep(Reporter.java:43)
	at wrappers.GenericWrappers.takeSnap(GenericWrappers.java:586)
	at utils.Reporter.reportStep(Reporter.java:20)
	at utils.Reporter.reportStep(Reporter.java:43)
	at wrappers.GenericWrappers.takeSnap(GenericWrappers.java:586)
	at utils.Reporter.reportStep(Reporter.java:20)
	at utils.Reporter.reportStep(Reporter.java:43)
	at wrappers.GenericWrappers.takeSnap(GenericWrappers.java:586)
	at utils.Reporter.reportStep(Reporter.java:20)
	at utils.Reporter.reportStep(Reporter.java:43)
	at wrappers.GenericWrappers.takeSnap(GenericWrappers.java:586)
	at utils.Reporter.reportStep(Reporter.java:20)
	at utils.Reporter.reportStep(Reporter.java:43)
	at wrappers.GenericWrappers.takeSnap(GenericWrappers.java:586)
	at utils.Reporter.reportStep(Reporter.java:20)
	at utils.Reporter.reportStep(Reporter.java:43)
	at wrappers.GenericWrappers.takeSnap(GenericWrappers.java:586)
	at utils.Reporter.reportStep(Reporter.java:20)
	at utils.Reporter.reportStep(Reporter.java:43)
	at wrappers.GenericWrappers.takeSnap(GenericWrappers.java:586)
	at utils.Reporter.reportStep(Reporter.java:20)
	at utils.Reporter.reportStep(Reporter.java:43)
	at wrappers.GenericWrappers.takeSnap(GenericWrappers.java:586)
	at utils.Reporter.reportStep(Reporter.java:20)
	at utils.Reporter.reportStep(Reporter.java:43)
	at wrappers.GenericWrappers.takeSnap(GenericWrappers.java:586)
	at utils.Reporter.reportStep(Reporter.java:20)
	at utils.Reporter.reportStep(Reporter.java:43)
	at wrappers.GenericWrappers.takeSnap(GenericWrappers.java:586)
	at utils.Reporter.reportStep(Reporter.java:20)
	at utils.Reporter.reportStep(Reporter.java:43)
	at wrappers.GenericWrappers.takeSnap(GenericWrappers.java:586)
	at utils.Reporter.reportStep(Reporter.java:20)
	at utils.Reporter.reportStep(Reporter.java:43)
	at wrappers.GenericWrappers.takeSnap(GenericWrappers.java:586)
	at utils.Reporter.reportStep(Reporter.java:20)
	at utils.Reporter.reportStep(Reporter.java:43)
	at wrappers.GenericWrappers.takeSnap(GenericWrappers.java:586)
	at utils.Reporter.reportStep(Reporter.java:20)
	at utils.Reporter.reportStep(Reporter.java:43)
	at wrappers.GenericWrappers.takeSnap(GenericWrappers.java:586)
	at utils.Reporter.reportStep(Reporter.java:20)
	at utils.Reporter.reportStep(Reporter.java:43)
	at wrappers.GenericWrappers.takeSnap(GenericWrappers.java:586)
	at utils.Reporter.reportStep(Reporter.java:20)
	at utils.Reporter.reportStep(Reporter.java:43)
	at wrappers.GenericWrappers.takeSnap(GenericWrappers.java:586)
	at utils.Reporter.reportStep(Reporter.java:20)
	at utils.Reporter.reportStep(Reporter.java:43)
	at wrappers.GenericWrappers.takeSnap(GenericWrappers.java:586)
	at utils.Reporter.reportStep(Reporter.java:20)
	at utils.Reporter.reportStep(Reporter.java:43)
	at wrappers.GenericWrappers.takeSnap(GenericWrappers.java:586)
	at utils.Reporter.reportStep(Reporter.java:20)
	at utils.Reporter.reportStep(Reporter.java:43)
	at wrappers.GenericWrappers.takeSnap(GenericWrappers.java:586)
	at utils.Reporter.reportStep(Reporter.java:20)
	at utils.Reporter.reportStep(Reporter.java:43)
	at wrappers.GenericWrappers.takeSnap(GenericWrappers.java:586)
	at utils.Reporter.reportStep(Reporter.java:20)
	at utils.Reporter.reportStep(Reporter.java:43)
	at wrappers.GenericWrappers.takeSnap(GenericWrappers.java:586)
	at utils.Reporter.reportStep(Reporter.java:20)
	at utils.Reporter.reportStep(Reporter.java:43)
	at wrappers.GenericWrappers.takeSnap(GenericWrappers.java:586)
	at utils.Reporter.reportStep(Reporter.java:20)
	at utils.Reporter.reportStep(Reporter.java:43)
	at wrappers.GenericWrappers.takeSnap(GenericWrappers.java:586)
	at utils.Reporter.reportStep(Reporter.java:20)
	at utils.Reporter.reportStep(Reporter.java:43)
	at wrappers.GenericWrappers.takeSnap(GenericWrappers.java:586)
	at utils.Reporter.reportStep(Reporter.java:20)
	at utils.Reporter.reportStep(Reporter.java:43)
	at wrappers.GenericWrappers.takeSnap(GenericWrappers.java:586)
	at utils.Reporter.reportStep(Reporter.java:20)
	at utils.Reporter.reportStep(Reporter.java:43)
	at wrappers.GenericWrappers.takeSnap(GenericWrappers.java:586)
	at utils.Reporter.reportStep(Reporter.java:20)
	at utils.Reporter.reportStep(Reporter.java:43)
	at wrappers.GenericWrappers.takeSnap(GenericWrappers.java:586)
	at utils.Reporter.reportStep(Reporter.java:20)
	at utils.Reporter.reportStep(Reporter.java:43)
	at wrappers.GenericWrappers.takeSnap(GenericWrappers.java:586)
	at utils.Reporter.reportStep(Reporter.java:20)
	at utils.Reporter.reportStep(Reporter.java:43)
	at wrappers.GenericWrappers.takeSnap(GenericWrappers.java:586)
	at utils.Reporter.reportStep(Reporter.java:20)
	at utils.Reporter.reportStep(Reporter.java:43)
	at wrappers.GenericWrappers.takeSnap(GenericWrappers.java:586)
	at utils.Reporter.reportStep(Reporter.java:20)
	at utils.Reporter.reportStep(Reporter.java:43)
	at wrappers.GenericWrappers.takeSnap(GenericWrappers.java:586)
	at utils.Reporter.reportStep(Reporter.java:20)
	at utils.Reporter.reportStep(Reporter.java:43)
	at wrappers.GenericWrappers.takeSnap(GenericWrappers.java:586)
	at utils.Reporter.reportStep(Reporter.java:20)
	at utils.Reporter.reportStep(Reporter.java:43)
	at wrappers.GenericWrappers.takeSnap(GenericWrappers.java:586)
	at utils.Reporter.reportStep(Reporter.java:20)
	at utils.Reporter.reportStep(Reporter.java:43)
	at wrappers.GenericWrappers.takeSnap(GenericWrappers.java:586)
	at utils.Reporter.reportStep(Reporter.java:20)
	at utils.Reporter.reportStep(Reporter.java:43)
	at wrappers.GenericWrappers.takeSnap(GenericWrappers.java:586)
	at utils.Reporter.reportStep(Reporter.java:20)
	at utils.Reporter.reportStep(Reporter.java:43)
	at wrappers.GenericWrappers.takeSnap(GenericWrappers.java:586)
	at utils.Reporter.reportStep(Reporter.java:20)
	at utils.Reporter.reportStep(Reporter.java:43)
	at wrappers.GenericWrappers.takeSnap(GenericWrappers.java:586)
	at utils.Reporter.reportStep(Reporter.java:20)
	at utils.Reporter.reportStep(Reporter.java:43)
	at wrappers.GenericWrappers.takeSnap(GenericWrappers.java:586)
	at utils.Reporter.reportStep(Reporter.java:20)
	at utils.Reporter.reportStep(Reporter.java:43)
	at wrappers.GenericWrappers.takeSnap(GenericWrappers.java:586)
	at utils.Reporter.reportStep(Reporter.java:20)
	at utils.Reporter.reportStep(Reporter.java:43)
	at wrappers.GenericWrappers.takeSnap(GenericWrappers.java:586)
	at utils.Reporter.reportStep(Reporter.java:20)
	at utils.Reporter.reportStep(Reporter.java:43)
	at wrappers.GenericWrappers.takeSnap(GenericWrappers.java:586)
	at utils.Reporter.reportStep(Reporter.java:20)
	at utils.Reporter.reportStep(Reporter.java:43)
	at wrappers.GenericWrappers.takeSnap(GenericWrappers.java:586)
	at utils.Reporter.reportStep(Reporter.java:20)
	at utils.Reporter.reportStep(Reporter.java:43)
	at wrappers.GenericWrappers.takeSnap(GenericWrappers.java:586)
	at utils.Reporter.reportStep(Reporter.java:20)
	at utils.Reporter.reportStep(Reporter.java:43)
	at wrappers.GenericWrappers.takeSnap(GenericWrappers.java:586)
	at utils.Reporter.reportStep(Reporter.java:20)
	at utils.Reporter.reportStep(Reporter.java:43)
	at wrappers.GenericWrappers.takeSnap(GenericWrappers.java:586)
	at utils.Reporter.reportStep(Reporter.java:20)
	at utils.Reporter.reportStep(Reporter.java:43)
	at wrappers.GenericWrappers.takeSnap(GenericWrappers.java:586)
	at utils.Reporter.reportStep(Reporter.java:20)
	at utils.Reporter.reportStep(Reporter.java:43)
	at wrappers.GenericWrappers.takeSnap(GenericWrappers.java:586)
	at utils.Reporter.reportStep(Reporter.java:20)
	at utils.Reporter.reportStep(Reporter.java:43)
	at wrappers.GenericWrappers.takeSnap(GenericWrappers.java:586)
	at utils.Reporter.reportStep(Reporter.java:20)
	at utils.Reporter.reportStep(Reporter.java:43)
	at wrappers.GenericWrappers.takeSnap(GenericWrappers.java:586)
	at utils.Reporter.reportStep(Reporter.java:20)
	at utils.Reporter.reportStep(Reporter.java:43)
	at wrappers.GenericWrappers.takeSnap(GenericWrappers.java:586)
	at utils.Reporter.reportStep(Reporter.java:20)
	at utils.Reporter.reportStep(Reporter.java:43)
	at wrappers.GenericWrappers.takeSnap(GenericWrappers.java:586)
	at utils.Reporter.reportStep(Reporter.java:20)
	at utils.Reporter.reportStep(Reporter.java:43)
	at wrappers.GenericWrappers.takeSnap(GenericWrappers.java:586)
	at utils.Reporter.reportStep(Reporter.java:20)
	at utils.Reporter.reportStep(Reporter.java:43)
	at wrappers.GenericWrappers.takeSnap(GenericWrappers.java:586)
	at utils.Reporter.reportStep(Reporter.java:20)
	at utils.Reporter.reportStep(Reporter.java:43)
	at wrappers.GenericWrappers.takeSnap(GenericWrappers.java:586)
	at utils.Reporter.reportStep(Reporter.java:20)
	at utils.Reporter.reportStep(Reporter.java:43)
	at wrappers.GenericWrappers.takeSnap(GenericWrappers.java:586)
	at utils.Reporter.reportStep(Reporter.java:20)
	at utils.Reporter.reportStep(Reporter.java:43)
	at wrappers.GenericWrappers.takeSnap(GenericWrappers.java:586)
	at utils.Reporter.reportStep(Reporter.java:20)
	at utils.Reporter.reportStep(Reporter.java:43)
	at wrappers.GenericWrappers.takeSnap(GenericWrappers.java:586)
	at utils.Reporter.reportStep(Reporter.java:20)
	at utils.Reporter.reportStep(Reporter.java:43)
	at wrappers.GenericWrappers.takeSnap(GenericWrappers.java:586)
	at utils.Reporter.reportStep(Reporter.java:20)
	at utils.Reporter.reportStep(Reporter.java:43)
	at wrappers.GenericWrappers.takeSnap(GenericWrappers.java:586)
	at utils.Reporter.reportStep(Reporter.java:20)
	at utils.Reporter.reportStep(Reporter.java:43)
	at wrappers.GenericWrappers.takeSnap(GenericWrappers.java:586)
	at utils.Reporter.reportStep(Reporter.java:20)
	at utils.Reporter.reportStep(Reporter.java:43)
	at wrappers.GenericWrappers.takeSnap(GenericWrappers.java:586)
	at utils.Reporter.reportStep(Reporter.java:20)
	at utils.Reporter.reportStep(Reporter.java:43)
	at wrappers.GenericWrappers.takeSnap(GenericWrappers.java:586)
	at utils.Reporter.reportStep(Reporter.java:20)
	at utils.Reporter.reportStep(Reporter.java:43)
	at wrappers.GenericWrappers.takeSnap(GenericWrappers.java:586)
	at utils.Reporter.reportStep(Reporter.java:20)
	at utils.Reporter.reportStep(Reporter.java:43)
	at wrappers.GenericWrappers.takeSnap(GenericWrappers.java:586)
	at utils.Reporter.reportStep(Reporter.java:20)
	at utils.Reporter.reportStep(Reporter.java:43)
	at wrappers.GenericWrappers.takeSnap(GenericWrappers.java:586)
	at utils.Reporter.reportStep(Reporter.java:20)
	at utils.Reporter.reportStep(Reporter.java:43)
	at wrappers.GenericWrappers.takeSnap(GenericWrappers.java:586)
	at utils.Reporter.reportStep(Reporter.java:20)
	at utils.Reporter.reportStep(Reporter.java:43)
	at wrappers.GenericWrappers.takeSnap(GenericWrappers.java:586)
	at utils.Reporter.reportStep(Reporter.java:20)
	at utils.Reporter.reportStep(Reporter.java:43)
	at wrappers.GenericWrappers.takeSnap(GenericWrappers.java:586)
	at utils.Reporter.reportStep(Reporter.java:20)
	at utils.Reporter.reportStep(Reporter.java:43)
	at wrappers.GenericWrappers.takeSnap(GenericWrappers.java:586)
	at utils.Reporter.reportStep(Reporter.java:20)
	at utils.Reporter.reportStep(Reporter.java:43)
	at wrappers.GenericWrappers.takeSnap(GenericWrappers.java:586)
	at utils.Reporter.reportStep(Reporter.java:20)
	at utils.Reporter.reportStep(Reporter.java:43)
	at wrappers.GenericWrappers.takeSnap(GenericWrappers.java:586)
	at utils.Reporter.reportStep(Reporter.java:20)
	at utils.Reporter.reportStep(Reporter.java:43)
	at wrappers.GenericWrappers.takeSnap(GenericWrappers.java:586)
	at utils.Reporter.reportStep(Reporter.java:20)
	at utils.Reporter.reportStep(Reporter.java:43)
	at wrappers.GenericWrappers.takeSnap(GenericWrappers.java:586)
	at utils.Reporter.reportStep(Reporter.java:20)
	at utils.Reporter.reportStep(Reporter.java:43)
	at wrappers.GenericWrappers.takeSnap(GenericWrappers.java:586)
	at utils.Reporter.reportStep(Reporter.java:20)
	at utils.Reporter.reportStep(Reporter.java:43)
	at wrappers.GenericWrappers.takeSnap(GenericWrappers.java:586)
	at utils.Reporter.reportStep(Reporter.java:20)
	at utils.Reporter.reportStep(Reporter.java:43)
	at wrappers.GenericWrappers.takeSnap(GenericWrappers.java:586)
	at utils.Reporter.reportStep(Reporter.java:20)
	at utils.Reporter.reportStep(Reporter.java:43)
	at wrappers.GenericWrappers.takeSnap(GenericWrappers.java:586)
	at utils.Reporter.reportStep(Reporter.java:20)
	at utils.Reporter.reportStep(Reporter.java:43)
	at wrappers.GenericWrappers.takeSnap(GenericWrappers.java:586)
	at utils.Reporter.reportStep(Reporter.java:20)
	at utils.Reporter.reportStep(Reporter.java:43)
	at wrappers.GenericWrappers.takeSnap(GenericWrappers.java:586)
	at utils.Reporter.reportStep(Reporter.java:20)
	at utils.Reporter.reportStep(Reporter.java:43)
	at wrappers.GenericWrappers.takeSnap(GenericWrappers.java:586)
	at utils.Reporter.reportStep(Reporter.java:20)
	at utils.Reporter.reportStep(Reporter.java:43)
	at wrappers.GenericWrappers.takeSnap(GenericWrappers.java:586)
	at utils.Reporter.reportStep(Reporter.java:20)
	at utils.Reporter.reportStep(Reporter.java:43)
	at wrappers.GenericWrappers.takeSnap(GenericWrappers.java:586)
	at utils.Reporter.reportStep(Reporter.java:20)
	at utils.Reporter.reportStep(Reporter.java:43)
	at wrappers.GenericWrappers.takeSnap(GenericWrappers.java:586)
	at utils.Reporter.reportStep(Reporter.java:20)
	at utils.Reporter.reportStep(Reporter.java:43)
	at wrappers.GenericWrappers.takeSnap(GenericWrappers.java:586)
	at utils.Reporter.reportStep(Reporter.java:20)
	at utils.Reporter.reportStep(Reporter.java:43)
	at wrappers.GenericWrappers.takeSnap(GenericWrappers.java:586)
	at utils.Reporter.reportStep(Reporter.java:20)
	at utils.Reporter.reportStep(Reporter.java:43)
	at wrappers.GenericWrappers.takeSnap(GenericWrappers.java:586)
	at utils.Reporter.reportStep(Reporter.java:20)
	at utils.Reporter.reportStep(Reporter.java:43)
	at wrappers.GenericWrappers.takeSnap(GenericWrappers.java:586)
	at utils.Reporter.reportStep(Reporter.java:20)
	at utils.Reporter.reportStep(Reporter.java:43)
	at wrappers.GenericWrappers.takeSnap(GenericWrappers.java:586)
	at utils.Reporter.reportStep(Reporter.java:20)
	at utils.Reporter.reportStep(Reporter.java:43)
	at wrappers.GenericWrappers.takeSnap(GenericWrappers.java:586)
	at utils.Reporter.reportStep(Reporter.java:20)
	at utils.Reporter.reportStep(Reporter.java:43)
	at wrappers.GenericWrappers.takeSnap(GenericWrappers.java:586)
	at utils.Reporter.reportStep(Reporter.java:20)
	at utils.Reporter.reportStep(Reporter.java:43)
	at wrappers.GenericWrappers.takeSnap(GenericWrappers.java:586)
	at utils.Reporter.reportStep(Reporter.java:20)
	at utils.Reporter.reportStep(Reporter.java:43)
	at wrappers.GenericWrappers.takeSnap(GenericWrappers.java:586)
	at utils.Reporter.reportStep(Reporter.java:20)
	at utils.Reporter.reportStep(Reporter.java:43)
	at wrappers.GenericWrappers.takeSnap(GenericWrappers.java:586)
	at utils.Reporter.reportStep(Reporter.java:20)
	at utils.Reporter.reportStep(Reporter.java:43)
	at wrappers.GenericWrappers.takeSnap(GenericWrappers.java:586)
	at utils.Reporter.reportStep(Reporter.java:20)
	at utils.Reporter.reportStep(Reporter.java:43)
	at wrappers.GenericWrappers.takeSnap(GenericWrappers.java:586)
	at utils.Reporter.reportStep(Reporter.java:20)
	at utils.Reporter.reportStep(Reporter.java:43)
	at wrappers.GenericWrappers.takeSnap(GenericWrappers.java:586)
	at utils.Reporter.reportStep(Reporter.java:20)
	at utils.Reporter.reportStep(Reporter.java:43)
	at wrappers.GenericWrappers.takeSnap(GenericWrappers.java:586)
	at utils.Reporter.reportStep(Reporter.java:20)
	at utils.Reporter.reportStep(Reporter.java:43)
	at wrappers.GenericWrappers.takeSnap(GenericWrappers.java:586)
	at utils.Reporter.reportStep(Reporter.java:20)
	at utils.Reporter.reportStep(Reporter.java:43)
	at wrappers.GenericWrappers.takeSnap(GenericWrappers.java:586)
	at utils.Reporter.reportStep(Reporter.java:20)
	at utils.Reporter.reportStep(Reporter.java:43)
	at wrappers.GenericWrappers.takeSnap(GenericWrappers.java:586)
	at utils.Reporter.reportStep(Reporter.java:20)
	at utils.Reporter.reportStep(Reporter.java:43)
	at wrappers.GenericWrappers.takeSnap(GenericWrappers.java:586)
	at utils.Reporter.reportStep(Reporter.java:20)
	at utils.Reporter.reportStep(Reporter.java:43)
	at wrappers.GenericWrappers.takeSnap(GenericWrappers.java:586)
	at utils.Reporter.reportStep(Reporter.java:20)
	at utils.Reporter.reportStep(Reporter.java:43)
	at wrappers.GenericWrappers.takeSnap(GenericWrappers.java:586)
	at utils.Reporter.reportStep(Reporter.java:20)
	at utils.Reporter.reportStep(Reporter.java:43)
	at wrappers.GenericWrappers.takeSnap(GenericWrappers.java:586)
	at utils.Reporter.reportStep(Reporter.java:20)
	at utils.Reporter.reportStep(Reporter.java:43)
	at wrappers.GenericWrappers.takeSnap(GenericWrappers.java:586)
	at utils.Reporter.reportStep(Reporter.java:20)
	at utils.Reporter.reportStep(Reporter.java:43)
	at wrappers.GenericWrappers.takeSnap(GenericWrappers.java:586)
	at utils.Reporter.reportStep(Reporter.java:20)
	at utils.Reporter.reportStep(Reporter.java:43)
	at wrappers.GenericWrappers.takeSnap(GenericWrappers.java:586)
	at utils.Reporter.reportStep(Reporter.java:20)
	at utils.Reporter.reportStep(Reporter.java:43)
	at wrappers.GenericWrappers.takeSnap(GenericWrappers.java:586)
	at utils.Reporter.reportStep(Reporter.java:20)
	at utils.Reporter.reportStep(Reporter.java:43)
	at wrappers.GenericWrappers.takeSnap(GenericWrappers.java:586)
	at utils.Reporter.reportStep(Reporter.java:20)
	at utils.Reporter.reportStep(Reporter.java:43)
	at wrappers.GenericWrappers.takeSnap(GenericWrappers.java:586)
	at utils.Reporter.reportStep(Reporter.java:20)
	at utils.Reporter.reportStep(Reporter.java:43)
	at wrappers.GenericWrappers.takeSnap(GenericWrappers.java:586)
	at utils.Reporter.reportStep(Reporter.java:20)
	at utils.Reporter.reportStep(Reporter.java:43)
	at wrappers.GenericWrappers.takeSnap(GenericWrappers.java:586)
	at utils.Reporter.reportStep(Reporter.java:20)
	at utils.Reporter.reportStep(Reporter.java:43)
	at wrappers.GenericWrappers.takeSnap(GenericWrappers.java:586)
	at utils.Reporter.reportStep(Reporter.java:20)
	at utils.Reporter.reportStep(Reporter.java:43)
	at wrappers.GenericWrappers.takeSnap(GenericWrappers.java:586)
	at utils.Reporter.reportStep(Reporter.java:20)
	at utils.Reporter.reportStep(Reporter.java:43)
	at wrappers.GenericWrappers.takeSnap(GenericWrappers.java:586)
	at utils.Reporter.reportStep(Reporter.java:20)
	at utils.Reporter.reportStep(Reporter.java:43)
	at wrappers.GenericWrappers.takeSnap(GenericWrappers.java:586)
	at utils.Reporter.reportStep(Reporter.java:20)
	at utils.Reporter.reportStep(Reporter.java:43)
	at wrappers.GenericWrappers.takeSnap(GenericWrappers.java:586)
	at utils.Reporter.reportStep(Reporter.java:20)
	at utils.Reporter.reportStep(Reporter.java:43)
	at wrappers.GenericWrappers.takeSnap(GenericWrappers.java:586)
	at utils.Reporter.reportStep(Reporter.java:20)
	at utils.Reporter.reportStep(Reporter.java:43)
	at wrappers.GenericWrappers.takeSnap(GenericWrappers.java:586)
	at utils.Reporter.reportStep(Reporter.java:20)
	at utils.Reporter.reportStep(Reporter.java:43)
	at wrappers.GenericWrappers.takeSnap(GenericWrappers.java:586)
	at utils.Reporter.reportStep(Reporter.java:20)
	at utils.Reporter.reportStep(Reporter.java:43)
	at wrappers.GenericWrappers.takeSnap(GenericWrappers.java:586)
	at utils.Reporter.reportStep(Reporter.java:20)
	at utils.Reporter.reportStep(Reporter.java:43)
	at wrappers.GenericWrappers.takeSnap(GenericWrappers.java:586)
	at utils.Reporter.reportStep(Reporter.java:20)
	at utils.Reporter.reportStep(Reporter.java:43)
	at wrappers.GenericWrappers.takeSnap(GenericWrappers.java:586)
	at utils.Reporter.reportStep(Reporter.java:20)
	at utils.Reporter.reportStep(Reporter.java:43)
	at wrappers.GenericWrappers.takeSnap(GenericWrappers.java:586)
	at utils.Reporter.reportStep(Reporter.java:20)
	at utils.Reporter.reportStep(Reporter.java:43)
	at wrappers.GenericWrappers.takeSnap(GenericWrappers.java:586)
	at utils.Reporter.reportStep(Reporter.java:20)
	at utils.Reporter.reportStep(Reporter.java:43)
	at wrappers.GenericWrappers.takeSnap(GenericWrappers.java:586)
	at utils.Reporter.reportStep(Reporter.java:20)
	at utils.Reporter.reportStep(Reporter.java:43)
	at wrappers.GenericWrappers.takeSnap(GenericWrappers.java:586)
	at utils.Reporter.reportStep(Reporter.java:20)
	at utils.Reporter.reportStep(Reporter.java:43)
	at wrappers.GenericWrappers.takeSnap(GenericWrappers.java:586)
	at utils.Reporter.reportStep(Reporter.java:20)
	at utils.Reporter.reportStep(Reporter.java:43)
	at wrappers.GenericWrappers.takeSnap(GenericWrappers.java:586)
	at utils.Reporter.reportStep(Reporter.java:20)
	at utils.Reporter.reportStep(Reporter.java:43)
	at wrappers.GenericWrappers.takeSnap(GenericWrappers.java:586)
	at utils.Reporter.reportStep(Reporter.java:20)
	at utils.Reporter.reportStep(Reporter.java:43)
	at wrappers.GenericWrappers.takeSnap(GenericWrappers.java:586)
	at utils.Reporter.reportStep(Reporter.java:20)
	at utils.Reporter.reportStep(Reporter.java:43)
	at wrappers.GenericWrappers.takeSnap(GenericWrappers.java:586)
	at utils.Reporter.reportStep(Reporter.java:20)
	at utils.Reporter.reportStep(Reporter.java:43)
	at wrappers.GenericWrappers.takeSnap(GenericWrappers.java:586)
	at utils.Reporter.reportStep(Reporter.java:20)
	at utils.Reporter.reportStep(Reporter.java:43)
	at wrappers.GenericWrappers.takeSnap(GenericWrappers.java:586)
	at utils.Reporter.reportStep(Reporter.java:20)
	at utils.Reporter.reportStep(Reporter.java:43)
	at wrappers.GenericWrappers.takeSnap(GenericWrappers.java:586)
	at utils.Reporter.reportStep(Reporter.java:20)
	at utils.Reporter.reportStep(Reporter.java:43)
	at wrappers.GenericWrappers.takeSnap(GenericWrappers.java:586)
	at utils.Reporter.reportStep(Reporter.java:20)
	at utils.Reporter.reportStep(Reporter.java:43)
	at wrappers.GenericWrappers.takeSnap(GenericWrappers.java:586)
	at utils.Reporter.reportStep(Reporter.java:20)
	at utils.Reporter.reportStep(Reporter.java:43)
	at wrappers.GenericWrappers.takeSnap(GenericWrappers.java:586)
	at utils.Reporter.reportStep(Reporter.java:20)
	at utils.Reporter.reportStep(Reporter.java:43)
	at wrappers.GenericWrappers.takeSnap(GenericWrappers.java:586)
	at utils.Reporter.reportStep(Reporter.java:20)
	at utils.Reporter.reportStep(Reporter.java:43)
	at wrappers.GenericWrappers.takeSnap(GenericWrappers.java:586)
	at utils.Reporter.reportStep(Reporter.java:20)
	at utils.Reporter.reportStep(Reporter.java:43)
	at wrappers.GenericWrappers.takeSnap(GenericWrappers.java:586)
	at utils.Reporter.reportStep(Reporter.java:20)
	at utils.Reporter.reportStep(Reporter.java:43)
	at wrappers.GenericWrappers.takeSnap(GenericWrappers.java:586)
	at utils.Reporter.reportStep(Reporter.java:20)
	at utils.Reporter.reportStep(Reporter.java:43)
	at wrappers.GenericWrappers.takeSnap(GenericWrappers.java:586)
	at utils.Reporter.reportStep(Reporter.java:20)
	at utils.Reporter.reportStep(Reporter.java:43)
	at wrappers.GenericWrappers.takeSnap(GenericWrappers.java:586)
	at utils.Reporter.reportStep(Reporter.java:20)
	at utils.Reporter.reportStep(Reporter.java:43)
	at wrappers.GenericWrappers.takeSnap(GenericWrappers.java:586)
	at utils.Reporter.reportStep(Reporter.java:20)
	at utils.Reporter.reportStep(Reporter.java:43)
	at wrappers.GenericWrappers.takeSnap(GenericWrappers.java:586)
	at utils.Reporter.reportStep(Reporter.java:20)
	at utils.Reporter.reportStep(Reporter.java:43)
	at wrappers.GenericWrappers.takeSnap(GenericWrappers.java:586)
	at utils.Reporter.reportStep(Reporter.java:20)
	at utils.Reporter.reportStep(Reporter.java:43)
	at wrappers.GenericWrappers.takeSnap(GenericWrappers.java:586)
	at utils.Reporter.reportStep(Reporter.java:20)
	at utils.Reporter.reportStep(Reporter.java:43)
]]>
    </failure>
  </testcase> <!-- @BeforeMethod beforeMethod -->
  <testcase name="@AfterMethod afterMethod" time="0.0" classname="testcases.TC004_EditLead">
    <skipped/>
  </testcase> <!-- @AfterMethod afterMethod -->
  <testcase name="@AfterTest afterTest" time="0.0" classname="testcases.TC004_EditLead">
    <skipped/>
  </testcase> <!-- @AfterTest afterTest -->
  <testcase name="login" time="10476.613" classname="testcases.TC004_EditLead">
    <failure type="java.lang.StackOverflowError">
      <![CDATA[java.lang.StackOverflowError
	at java.security.AccessController.doPrivileged(Native Method)
	at java.net.URLClassLoader.findClass(Unknown Source)
	at java.lang.ClassLoader.loadClass(Unknown Source)
	at java.lang.ClassLoader.loadClass(Unknown Source)
	at sun.misc.Launcher$AppClassLoader.loadClass(Unknown Source)
	at java.lang.ClassLoader.loadClass(Unknown Source)
	at org.openqa.selenium.remote.service.DriverCommandExecutor.execute(DriverCommandExecutor.java:84)
	at org.openqa.selenium.remote.RemoteWebDriver.execute(RemoteWebDriver.java:601)
	at org.openqa.selenium.remote.RemoteWebDriver.execute(RemoteWebDriver.java:658)
	at org.openqa.selenium.remote.RemoteWebDriver.getScreenshotAs(RemoteWebDriver.java:340)
	at wrappers.GenericWrappers.takeSnap(GenericWrappers.java:584)
	at utils.Reporter.reportStep(Reporter.java:20)
	at utils.Reporter.reportStep(Reporter.java:43)
	at wrappers.GenericWrappers.takeSnap(GenericWrappers.java:586)
	at utils.Reporter.reportStep(Reporter.java:20)
	at utils.Reporter.reportStep(Reporter.java:43)
	at wrappers.GenericWrappers.takeSnap(GenericWrappers.java:586)
	at utils.Reporter.reportStep(Reporter.java:20)
	at utils.Reporter.reportStep(Reporter.java:43)
	at wrappers.GenericWrappers.takeSnap(GenericWrappers.java:586)
	at utils.Reporter.reportStep(Reporter.java:20)
	at utils.Reporter.reportStep(Reporter.java:43)
	at wrappers.GenericWrappers.takeSnap(GenericWrappers.java:586)
	at utils.Reporter.reportStep(Reporter.java:20)
	at utils.Reporter.reportStep(Reporter.java:43)
	at wrappers.GenericWrappers.takeSnap(GenericWrappers.java:586)
	at utils.Reporter.reportStep(Reporter.java:20)
	at utils.Reporter.reportStep(Reporter.java:43)
	at wrappers.GenericWrappers.takeSnap(GenericWrappers.java:586)
	at utils.Reporter.reportStep(Reporter.java:20)
	at utils.Reporter.reportStep(Reporter.java:43)
	at wrappers.GenericWrappers.takeSnap(GenericWrappers.java:586)
	at utils.Reporter.reportStep(Reporter.java:20)
	at utils.Reporter.reportStep(Reporter.java:43)
	at wrappers.GenericWrappers.takeSnap(GenericWrappers.java:586)
	at utils.Reporter.reportStep(Reporter.java:20)
	at utils.Reporter.reportStep(Reporter.java:43)
	at wrappers.GenericWrappers.takeSnap(GenericWrappers.java:586)
	at utils.Reporter.reportStep(Reporter.java:20)
	at utils.Reporter.reportStep(Reporter.java:43)
	at wrappers.GenericWrappers.takeSnap(GenericWrappers.java:586)
	at utils.Reporter.reportStep(Reporter.java:20)
	at utils.Reporter.reportStep(Reporter.java:43)
	at wrappers.GenericWrappers.takeSnap(GenericWrappers.java:586)
	at utils.Reporter.reportStep(Reporter.java:20)
	at utils.Reporter.reportStep(Reporter.java:43)
	at wrappers.GenericWrappers.takeSnap(GenericWrappers.java:586)
	at utils.Reporter.reportStep(Reporter.java:20)
	at utils.Reporter.reportStep(Reporter.java:43)
	at wrappers.GenericWrappers.takeSnap(GenericWrappers.java:586)
	at utils.Reporter.reportStep(Reporter.java:20)
	at utils.Reporter.reportStep(Reporter.java:43)
	at wrappers.GenericWrappers.takeSnap(GenericWrappers.java:586)
	at utils.Reporter.reportStep(Reporter.java:20)
	at utils.Reporter.reportStep(Reporter.java:43)
	at wrappers.GenericWrappers.takeSnap(GenericWrappers.java:586)
	at utils.Reporter.reportStep(Reporter.java:20)
	at utils.Reporter.reportStep(Reporter.java:43)
	at wrappers.GenericWrappers.takeSnap(GenericWrappers.java:586)
	at utils.Reporter.reportStep(Reporter.java:20)
	at utils.Reporter.reportStep(Reporter.java:43)
	at wrappers.GenericWrappers.takeSnap(GenericWrappers.java:586)
	at utils.Reporter.reportStep(Reporter.java:20)
	at utils.Reporter.reportStep(Reporter.java:43)
	at wrappers.GenericWrappers.takeSnap(GenericWrappers.java:586)
	at utils.Reporter.reportStep(Reporter.java:20)
	at utils.Reporter.reportStep(Reporter.java:43)
	at wrappers.GenericWrappers.takeSnap(GenericWrappers.java:586)
	at utils.Reporter.reportStep(Reporter.java:20)
	at utils.Reporter.reportStep(Reporter.java:43)
	at wrappers.GenericWrappers.takeSnap(GenericWrappers.java:586)
	at utils.Reporter.reportStep(Reporter.java:20)
	at utils.Reporter.reportStep(Reporter.java:43)
	at wrappers.GenericWrappers.takeSnap(GenericWrappers.java:586)
	at utils.Reporter.reportStep(Reporter.java:20)
	at utils.Reporter.reportStep(Reporter.java:43)
	at wrappers.GenericWrappers.takeSnap(GenericWrappers.java:586)
	at utils.Reporter.reportStep(Reporter.java:20)
	at utils.Reporter.reportStep(Reporter.java:43)
	at wrappers.GenericWrappers.takeSnap(GenericWrappers.java:586)
	at utils.Reporter.reportStep(Reporter.java:20)
	at utils.Reporter.reportStep(Reporter.java:43)
	at wrappers.GenericWrappers.takeSnap(GenericWrappers.java:586)
	at utils.Reporter.reportStep(Reporter.java:20)
	at utils.Reporter.reportStep(Reporter.java:43)
	at wrappers.GenericWrappers.takeSnap(GenericWrappers.java:586)
	at utils.Reporter.reportStep(Reporter.java:20)
	at utils.Reporter.reportStep(Reporter.java:43)
	at wrappers.GenericWrappers.takeSnap(GenericWrappers.java:586)
	at utils.Reporter.reportStep(Reporter.java:20)
	at utils.Reporter.reportStep(Reporter.java:43)
	at wrappers.GenericWrappers.takeSnap(GenericWrappers.java:586)
	at utils.Reporter.reportStep(Reporter.java:20)
	at utils.Reporter.reportStep(Reporter.java:43)
	at wrappers.GenericWrappers.takeSnap(GenericWrappers.java:586)
	at utils.Reporter.reportStep(Reporter.java:20)
	at utils.Reporter.reportStep(Reporter.java:43)
	at wrappers.GenericWrappers.takeSnap(GenericWrappers.java:586)
	at utils.Reporter.reportStep(Reporter.java:20)
	at utils.Reporter.reportStep(Reporter.java:43)
	at wrappers.GenericWrappers.takeSnap(GenericWrappers.java:586)
	at utils.Reporter.reportStep(Reporter.java:20)
	at utils.Reporter.reportStep(Reporter.java:43)
	at wrappers.GenericWrappers.takeSnap(GenericWrappers.java:586)
	at utils.Reporter.reportStep(Reporter.java:20)
	at utils.Reporter.reportStep(Reporter.java:43)
	at wrappers.GenericWrappers.takeSnap(GenericWrappers.java:586)
	at utils.Reporter.reportStep(Reporter.java:20)
	at utils.Reporter.reportStep(Reporter.java:43)
	at wrappers.GenericWrappers.takeSnap(GenericWrappers.java:586)
	at utils.Reporter.reportStep(Reporter.java:20)
	at utils.Reporter.reportStep(Reporter.java:43)
	at wrappers.GenericWrappers.takeSnap(GenericWrappers.java:586)
	at utils.Reporter.reportStep(Reporter.java:20)
	at utils.Reporter.reportStep(Reporter.java:43)
	at wrappers.GenericWrappers.takeSnap(GenericWrappers.java:586)
	at utils.Reporter.reportStep(Reporter.java:20)
	at utils.Reporter.reportStep(Reporter.java:43)
	at wrappers.GenericWrappers.takeSnap(GenericWrappers.java:586)
	at utils.Reporter.reportStep(Reporter.java:20)
	at utils.Reporter.reportStep(Reporter.java:43)
	at wrappers.GenericWrappers.takeSnap(GenericWrappers.java:586)
	at utils.Reporter.reportStep(Reporter.java:20)
	at utils.Reporter.reportStep(Reporter.java:43)
	at wrappers.GenericWrappers.takeSnap(GenericWrappers.java:586)
	at utils.Reporter.reportStep(Reporter.java:20)
	at utils.Reporter.reportStep(Reporter.java:43)
	at wrappers.GenericWrappers.takeSnap(GenericWrappers.java:586)
	at utils.Reporter.reportStep(Reporter.java:20)
	at utils.Reporter.reportStep(Reporter.java:43)
	at wrappers.GenericWrappers.takeSnap(GenericWrappers.java:586)
	at utils.Reporter.reportStep(Reporter.java:20)
	at utils.Reporter.reportStep(Reporter.java:43)
	at wrappers.GenericWrappers.takeSnap(GenericWrappers.java:586)
	at utils.Reporter.reportStep(Reporter.java:20)
	at utils.Reporter.reportStep(Reporter.java:43)
	at wrappers.GenericWrappers.takeSnap(GenericWrappers.java:586)
	at utils.Reporter.reportStep(Reporter.java:20)
	at utils.Reporter.reportStep(Reporter.java:43)
	at wrappers.GenericWrappers.takeSnap(GenericWrappers.java:586)
	at utils.Reporter.reportStep(Reporter.java:20)
	at utils.Reporter.reportStep(Reporter.java:43)
	at wrappers.GenericWrappers.takeSnap(GenericWrappers.java:586)
	at utils.Reporter.reportStep(Reporter.java:20)
	at utils.Reporter.reportStep(Reporter.java:43)
	at wrappers.GenericWrappers.takeSnap(GenericWrappers.java:586)
	at utils.Reporter.reportStep(Reporter.java:20)
	at utils.Reporter.reportStep(Reporter.java:43)
	at wrappers.GenericWrappers.takeSnap(GenericWrappers.java:586)
	at utils.Reporter.reportStep(Reporter.java:20)
	at utils.Reporter.reportStep(Reporter.java:43)
	at wrappers.GenericWrappers.takeSnap(GenericWrappers.java:586)
	at utils.Reporter.reportStep(Reporter.java:20)
	at utils.Reporter.reportStep(Reporter.java:43)
	at wrappers.GenericWrappers.takeSnap(GenericWrappers.java:586)
	at utils.Reporter.reportStep(Reporter.java:20)
	at utils.Reporter.reportStep(Reporter.java:43)
	at wrappers.GenericWrappers.takeSnap(GenericWrappers.java:586)
	at utils.Reporter.reportStep(Reporter.java:20)
	at utils.Reporter.reportStep(Reporter.java:43)
	at wrappers.GenericWrappers.takeSnap(GenericWrappers.java:586)
	at utils.Reporter.reportStep(Reporter.java:20)
	at utils.Reporter.reportStep(Reporter.java:43)
	at wrappers.GenericWrappers.takeSnap(GenericWrappers.java:586)
	at utils.Reporter.reportStep(Reporter.java:20)
	at utils.Reporter.reportStep(Reporter.java:43)
	at wrappers.GenericWrappers.takeSnap(GenericWrappers.java:586)
	at utils.Reporter.reportStep(Reporter.java:20)
	at utils.Reporter.reportStep(Reporter.java:43)
	at wrappers.GenericWrappers.takeSnap(GenericWrappers.java:586)
	at utils.Reporter.reportStep(Reporter.java:20)
	at utils.Reporter.reportStep(Reporter.java:43)
	at wrappers.GenericWrappers.takeSnap(GenericWrappers.java:586)
	at utils.Reporter.reportStep(Reporter.java:20)
	at utils.Reporter.reportStep(Reporter.java:43)
	at wrappers.GenericWrappers.takeSnap(GenericWrappers.java:586)
	at utils.Reporter.reportStep(Reporter.java:20)
	at utils.Reporter.reportStep(Reporter.java:43)
	at wrappers.GenericWrappers.takeSnap(GenericWrappers.java:586)
	at utils.Reporter.reportStep(Reporter.java:20)
	at utils.Reporter.reportStep(Reporter.java:43)
	at wrappers.GenericWrappers.takeSnap(GenericWrappers.java:586)
	at utils.Reporter.reportStep(Reporter.java:20)
	at utils.Reporter.reportStep(Reporter.java:43)
	at wrappers.GenericWrappers.takeSnap(GenericWrappers.java:586)
	at utils.Reporter.reportStep(Reporter.java:20)
	at utils.Reporter.reportStep(Reporter.java:43)
	at wrappers.GenericWrappers.takeSnap(GenericWrappers.java:586)
	at utils.Reporter.reportStep(Reporter.java:20)
	at utils.Reporter.reportStep(Reporter.java:43)
	at wrappers.GenericWrappers.takeSnap(GenericWrappers.java:586)
	at utils.Reporter.reportStep(Reporter.java:20)
	at utils.Reporter.reportStep(Reporter.java:43)
	at wrappers.GenericWrappers.takeSnap(GenericWrappers.java:586)
	at utils.Reporter.reportStep(Reporter.java:20)
	at utils.Reporter.reportStep(Reporter.java:43)
	at wrappers.GenericWrappers.takeSnap(GenericWrappers.java:586)
	at utils.Reporter.reportStep(Reporter.java:20)
	at utils.Reporter.reportStep(Reporter.java:43)
	at wrappers.GenericWrappers.takeSnap(GenericWrappers.java:586)
	at utils.Reporter.reportStep(Reporter.java:20)
	at utils.Reporter.reportStep(Reporter.java:43)
	at wrappers.GenericWrappers.takeSnap(GenericWrappers.java:586)
	at utils.Reporter.reportStep(Reporter.java:20)
	at utils.Reporter.reportStep(Reporter.java:43)
	at wrappers.GenericWrappers.takeSnap(GenericWrappers.java:586)
	at utils.Reporter.reportStep(Reporter.java:20)
	at utils.Reporter.reportStep(Reporter.java:43)
	at wrappers.GenericWrappers.takeSnap(GenericWrappers.java:586)
	at utils.Reporter.reportStep(Reporter.java:20)
	at utils.Reporter.reportStep(Reporter.java:43)
	at wrappers.GenericWrappers.takeSnap(GenericWrappers.java:586)
	at utils.Reporter.reportStep(Reporter.java:20)
	at utils.Reporter.reportStep(Reporter.java:43)
	at wrappers.GenericWrappers.takeSnap(GenericWrappers.java:586)
	at utils.Reporter.reportStep(Reporter.java:20)
	at utils.Reporter.reportStep(Reporter.java:43)
	at wrappers.GenericWrappers.takeSnap(GenericWrappers.java:586)
	at utils.Reporter.reportStep(Reporter.java:20)
	at utils.Reporter.reportStep(Reporter.java:43)
	at wrappers.GenericWrappers.takeSnap(GenericWrappers.java:586)
	at utils.Reporter.reportStep(Reporter.java:20)
	at utils.Reporter.reportStep(Reporter.java:43)
	at wrappers.GenericWrappers.takeSnap(GenericWrappers.java:586)
	at utils.Reporter.reportStep(Reporter.java:20)
	at utils.Reporter.reportStep(Reporter.java:43)
	at wrappers.GenericWrappers.takeSnap(GenericWrappers.java:586)
	at utils.Reporter.reportStep(Reporter.java:20)
	at utils.Reporter.reportStep(Reporter.java:43)
	at wrappers.GenericWrappers.takeSnap(GenericWrappers.java:586)
	at utils.Reporter.reportStep(Reporter.java:20)
	at utils.Reporter.reportStep(Reporter.java:43)
	at wrappers.GenericWrappers.takeSnap(GenericWrappers.java:586)
	at utils.Reporter.reportStep(Reporter.java:20)
	at utils.Reporter.reportStep(Reporter.java:43)
	at wrappers.GenericWrappers.takeSnap(GenericWrappers.java:586)
	at utils.Reporter.reportStep(Reporter.java:20)
	at utils.Reporter.reportStep(Reporter.java:43)
	at wrappers.GenericWrappers.takeSnap(GenericWrappers.java:586)
	at utils.Reporter.reportStep(Reporter.java:20)
	at utils.Reporter.reportStep(Reporter.java:43)
	at wrappers.GenericWrappers.takeSnap(GenericWrappers.java:586)
	at utils.Reporter.reportStep(Reporter.java:20)
	at utils.Reporter.reportStep(Reporter.java:43)
	at wrappers.GenericWrappers.takeSnap(GenericWrappers.java:586)
	at utils.Reporter.reportStep(Reporter.java:20)
	at utils.Reporter.reportStep(Reporter.java:43)
	at wrappers.GenericWrappers.takeSnap(GenericWrappers.java:586)
	at utils.Reporter.reportStep(Reporter.java:20)
	at utils.Reporter.reportStep(Reporter.java:43)
	at wrappers.GenericWrappers.takeSnap(GenericWrappers.java:586)
	at utils.Reporter.reportStep(Reporter.java:20)
	at utils.Reporter.reportStep(Reporter.java:43)
	at wrappers.GenericWrappers.takeSnap(GenericWrappers.java:586)
	at utils.Reporter.reportStep(Reporter.java:20)
	at utils.Reporter.reportStep(Reporter.java:43)
	at wrappers.GenericWrappers.takeSnap(GenericWrappers.java:586)
	at utils.Reporter.reportStep(Reporter.java:20)
	at utils.Reporter.reportStep(Reporter.java:43)
	at wrappers.GenericWrappers.takeSnap(GenericWrappers.java:586)
	at utils.Reporter.reportStep(Reporter.java:20)
	at utils.Reporter.reportStep(Reporter.java:43)
	at wrappers.GenericWrappers.takeSnap(GenericWrappers.java:586)
	at utils.Reporter.reportStep(Reporter.java:20)
	at utils.Reporter.reportStep(Reporter.java:43)
	at wrappers.GenericWrappers.takeSnap(GenericWrappers.java:586)
	at utils.Reporter.reportStep(Reporter.java:20)
	at utils.Reporter.reportStep(Reporter.java:43)
	at wrappers.GenericWrappers.takeSnap(GenericWrappers.java:586)
	at utils.Reporter.reportStep(Reporter.java:20)
	at utils.Reporter.reportStep(Reporter.java:43)
	at wrappers.GenericWrappers.takeSnap(GenericWrappers.java:586)
	at utils.Reporter.reportStep(Reporter.java:20)
	at utils.Reporter.reportStep(Reporter.java:43)
	at wrappers.GenericWrappers.takeSnap(GenericWrappers.java:586)
	at utils.Reporter.reportStep(Reporter.java:20)
	at utils.Reporter.reportStep(Reporter.java:43)
	at wrappers.GenericWrappers.takeSnap(GenericWrappers.java:586)
	at utils.Reporter.reportStep(Reporter.java:20)
	at utils.Reporter.reportStep(Reporter.java:43)
	at wrappers.GenericWrappers.takeSnap(GenericWrappers.java:586)
	at utils.Reporter.reportStep(Reporter.java:20)
	at utils.Reporter.reportStep(Reporter.java:43)
	at wrappers.GenericWrappers.takeSnap(GenericWrappers.java:586)
	at utils.Reporter.reportStep(Reporter.java:20)
	at utils.Reporter.reportStep(Reporter.java:43)
	at wrappers.GenericWrappers.takeSnap(GenericWrappers.java:586)
	at utils.Reporter.reportStep(Reporter.java:20)
	at utils.Reporter.reportStep(Reporter.java:43)
	at wrappers.GenericWrappers.takeSnap(GenericWrappers.java:586)
	at utils.Reporter.reportStep(Reporter.java:20)
	at utils.Reporter.reportStep(Reporter.java:43)
	at wrappers.GenericWrappers.takeSnap(GenericWrappers.java:586)
	at utils.Reporter.reportStep(Reporter.java:20)
	at utils.Reporter.reportStep(Reporter.java:43)
	at wrappers.GenericWrappers.takeSnap(GenericWrappers.java:586)
	at utils.Reporter.reportStep(Reporter.java:20)
	at utils.Reporter.reportStep(Reporter.java:43)
	at wrappers.GenericWrappers.takeSnap(GenericWrappers.java:586)
	at utils.Reporter.reportStep(Reporter.java:20)
	at utils.Reporter.reportStep(Reporter.java:43)
	at wrappers.GenericWrappers.takeSnap(GenericWrappers.java:586)
	at utils.Reporter.reportStep(Reporter.java:20)
	at utils.Reporter.reportStep(Reporter.java:43)
	at wrappers.GenericWrappers.takeSnap(GenericWrappers.java:586)
	at utils.Reporter.reportStep(Reporter.java:20)
	at utils.Reporter.reportStep(Reporter.java:43)
	at wrappers.GenericWrappers.takeSnap(GenericWrappers.java:586)
	at utils.Reporter.reportStep(Reporter.java:20)
	at utils.Reporter.reportStep(Reporter.java:43)
	at wrappers.GenericWrappers.takeSnap(GenericWrappers.java:586)
	at utils.Reporter.reportStep(Reporter.java:20)
	at utils.Reporter.reportStep(Reporter.java:43)
	at wrappers.GenericWrappers.takeSnap(GenericWrappers.java:586)
	at utils.Reporter.reportStep(Reporter.java:20)
	at utils.Reporter.reportStep(Reporter.java:43)
	at wrappers.GenericWrappers.takeSnap(GenericWrappers.java:586)
	at utils.Reporter.reportStep(Reporter.java:20)
	at utils.Reporter.reportStep(Reporter.java:43)
	at wrappers.GenericWrappers.takeSnap(GenericWrappers.java:586)
	at utils.Reporter.reportStep(Reporter.java:20)
	at utils.Reporter.reportStep(Reporter.java:43)
	at wrappers.GenericWrappers.takeSnap(GenericWrappers.java:586)
	at utils.Reporter.reportStep(Reporter.java:20)
	at utils.Reporter.reportStep(Reporter.java:43)
	at wrappers.GenericWrappers.takeSnap(GenericWrappers.java:586)
	at utils.Reporter.reportStep(Reporter.java:20)
	at utils.Reporter.reportStep(Reporter.java:43)
	at wrappers.GenericWrappers.takeSnap(GenericWrappers.java:586)
	at utils.Reporter.reportStep(Reporter.java:20)
	at utils.Reporter.reportStep(Reporter.java:43)
	at wrappers.GenericWrappers.takeSnap(GenericWrappers.java:586)
	at utils.Reporter.reportStep(Reporter.java:20)
	at utils.Reporter.reportStep(Reporter.java:43)
	at wrappers.GenericWrappers.takeSnap(GenericWrappers.java:586)
	at utils.Reporter.reportStep(Reporter.java:20)
	at utils.Reporter.reportStep(Reporter.java:43)
	at wrappers.GenericWrappers.takeSnap(GenericWrappers.java:586)
	at utils.Reporter.reportStep(Reporter.java:20)
	at utils.Reporter.reportStep(Reporter.java:43)
	at wrappers.GenericWrappers.takeSnap(GenericWrappers.java:586)
	at utils.Reporter.reportStep(Reporter.java:20)
	at utils.Reporter.reportStep(Reporter.java:43)
	at wrappers.GenericWrappers.takeSnap(GenericWrappers.java:586)
	at utils.Reporter.reportStep(Reporter.java:20)
	at utils.Reporter.reportStep(Reporter.java:43)
	at wrappers.GenericWrappers.takeSnap(GenericWrappers.java:586)
	at utils.Reporter.reportStep(Reporter.java:20)
	at utils.Reporter.reportStep(Reporter.java:43)
	at wrappers.GenericWrappers.takeSnap(GenericWrappers.java:586)
	at utils.Reporter.reportStep(Reporter.java:20)
	at utils.Reporter.reportStep(Reporter.java:43)
	at wrappers.GenericWrappers.takeSnap(GenericWrappers.java:586)
	at utils.Reporter.reportStep(Reporter.java:20)
	at utils.Reporter.reportStep(Reporter.java:43)
	at wrappers.GenericWrappers.takeSnap(GenericWrappers.java:586)
	at utils.Reporter.reportStep(Reporter.java:20)
	at utils.Reporter.reportStep(Reporter.java:43)
	at wrappers.GenericWrappers.takeSnap(GenericWrappers.java:586)
	at utils.Reporter.reportStep(Reporter.java:20)
	at utils.Reporter.reportStep(Reporter.java:43)
	at wrappers.GenericWrappers.takeSnap(GenericWrappers.java:586)
	at utils.Reporter.reportStep(Reporter.java:20)
	at utils.Reporter.reportStep(Reporter.java:43)
	at wrappers.GenericWrappers.takeSnap(GenericWrappers.java:586)
	at utils.Reporter.reportStep(Reporter.java:20)
	at utils.Reporter.reportStep(Reporter.java:43)
	at wrappers.GenericWrappers.takeSnap(GenericWrappers.java:586)
	at utils.Reporter.reportStep(Reporter.java:20)
	at utils.Reporter.reportStep(Reporter.java:43)
	at wrappers.GenericWrappers.takeSnap(GenericWrappers.java:586)
	at utils.Reporter.reportStep(Reporter.java:20)
	at utils.Reporter.reportStep(Reporter.java:43)
	at wrappers.GenericWrappers.takeSnap(GenericWrappers.java:586)
	at utils.Reporter.reportStep(Reporter.java:20)
	at utils.Reporter.reportStep(Reporter.java:43)
	at wrappers.GenericWrappers.takeSnap(GenericWrappers.java:586)
	at utils.Reporter.reportStep(Reporter.java:20)
	at utils.Reporter.reportStep(Reporter.java:43)
	at wrappers.GenericWrappers.takeSnap(GenericWrappers.java:586)
	at utils.Reporter.reportStep(Reporter.java:20)
	at utils.Reporter.reportStep(Reporter.java:43)
	at wrappers.GenericWrappers.takeSnap(GenericWrappers.java:586)
	at utils.Reporter.reportStep(Reporter.java:20)
	at utils.Reporter.reportStep(Reporter.java:43)
	at wrappers.GenericWrappers.takeSnap(GenericWrappers.java:586)
	at utils.Reporter.reportStep(Reporter.java:20)
	at utils.Reporter.reportStep(Reporter.java:43)
	at wrappers.GenericWrappers.takeSnap(GenericWrappers.java:586)
	at utils.Reporter.reportStep(Reporter.java:20)
	at utils.Reporter.reportStep(Reporter.java:43)
	at wrappers.GenericWrappers.takeSnap(GenericWrappers.java:586)
	at utils.Reporter.reportStep(Reporter.java:20)
	at utils.Reporter.reportStep(Reporter.java:43)
	at wrappers.GenericWrappers.takeSnap(GenericWrappers.java:586)
	at utils.Reporter.reportStep(Reporter.java:20)
	at utils.Reporter.reportStep(Reporter.java:43)
	at wrappers.GenericWrappers.takeSnap(GenericWrappers.java:586)
	at utils.Reporter.reportStep(Reporter.java:20)
	at utils.Reporter.reportStep(Reporter.java:43)
	at wrappers.GenericWrappers.takeSnap(GenericWrappers.java:586)
	at utils.Reporter.reportStep(Reporter.java:20)
	at utils.Reporter.reportStep(Reporter.java:43)
	at wrappers.GenericWrappers.takeSnap(GenericWrappers.java:586)
	at utils.Reporter.reportStep(Reporter.java:20)
	at utils.Reporter.reportStep(Reporter.java:43)
	at wrappers.GenericWrappers.takeSnap(GenericWrappers.java:586)
	at utils.Reporter.reportStep(Reporter.java:20)
	at utils.Reporter.reportStep(Reporter.java:43)
	at wrappers.GenericWrappers.takeSnap(GenericWrappers.java:586)
	at utils.Reporter.reportStep(Reporter.java:20)
	at utils.Reporter.reportStep(Reporter.java:43)
	at wrappers.GenericWrappers.takeSnap(GenericWrappers.java:586)
	at utils.Reporter.reportStep(Reporter.java:20)
	at utils.Reporter.reportStep(Reporter.java:43)
	at wrappers.GenericWrappers.takeSnap(GenericWrappers.java:586)
	at utils.Reporter.reportStep(Reporter.java:20)
	at utils.Reporter.reportStep(Reporter.java:43)
	at wrappers.GenericWrappers.takeSnap(GenericWrappers.java:586)
	at utils.Reporter.reportStep(Reporter.java:20)
	at utils.Reporter.reportStep(Reporter.java:43)
	at wrappers.GenericWrappers.takeSnap(GenericWrappers.java:586)
	at utils.Reporter.reportStep(Reporter.java:20)
	at utils.Reporter.reportStep(Reporter.java:43)
	at wrappers.GenericWrappers.takeSnap(GenericWrappers.java:586)
	at utils.Reporter.reportStep(Reporter.java:20)
	at utils.Reporter.reportStep(Reporter.java:43)
	at wrappers.GenericWrappers.takeSnap(GenericWrappers.java:586)
	at utils.Reporter.reportStep(Reporter.java:20)
	at utils.Reporter.reportStep(Reporter.java:43)
	at wrappers.GenericWrappers.takeSnap(GenericWrappers.java:586)
	at utils.Reporter.reportStep(Reporter.java:20)
	at utils.Reporter.reportStep(Reporter.java:43)
	at wrappers.GenericWrappers.takeSnap(GenericWrappers.java:586)
	at utils.Reporter.reportStep(Reporter.java:20)
	at utils.Reporter.reportStep(Reporter.java:43)
	at wrappers.GenericWrappers.takeSnap(GenericWrappers.java:586)
	at utils.Reporter.reportStep(Reporter.java:20)
	at utils.Reporter.reportStep(Reporter.java:43)
	at wrappers.GenericWrappers.takeSnap(GenericWrappers.java:586)
	at utils.Reporter.reportStep(Reporter.java:20)
	at utils.Reporter.reportStep(Reporter.java:43)
	at wrappers.GenericWrappers.takeSnap(GenericWrappers.java:586)
	at utils.Reporter.reportStep(Reporter.java:20)
	at utils.Reporter.reportStep(Reporter.java:43)
	at wrappers.GenericWrappers.takeSnap(GenericWrappers.java:586)
	at utils.Reporter.reportStep(Reporter.java:20)
	at utils.Reporter.reportStep(Reporter.java:43)
	at wrappers.GenericWrappers.takeSnap(GenericWrappers.java:586)
	at utils.Reporter.reportStep(Reporter.java:20)
	at utils.Reporter.reportStep(Reporter.java:43)
[...]
	at utils.Reporter.reportStep(Reporter.java:20)
	at utils.Reporter.reportStep(Reporter.java:43)
	at wrappers.GenericWrappers.takeSnap(GenericWrappers.java:586)
	at utils.Reporter.reportStep(Reporter.java:20)
	at utils.Reporter.reportStep(Reporter.java:43)
	at wrappers.GenericWrappers.takeSnap(GenericWrappers.java:586)
	at utils.Reporter.reportStep(Reporter.java:20)
	at utils.Reporter.reportStep(Reporter.java:43)
	at wrappers.GenericWrappers.takeSnap(GenericWrappers.java:586)
	at utils.Reporter.reportStep(Reporter.java:20)
	at utils.Reporter.reportStep(Reporter.java:43)
	at wrappers.GenericWrappers.takeSnap(GenericWrappers.java:586)
	at utils.Reporter.reportStep(Reporter.java:20)
	at utils.Reporter.reportStep(Reporter.java:43)
	at wrappers.GenericWrappers.takeSnap(GenericWrappers.java:586)
	at utils.Reporter.reportStep(Reporter.java:20)
	at utils.Reporter.reportStep(Reporter.java:43)
	at wrappers.GenericWrappers.takeSnap(GenericWrappers.java:586)
	at utils.Reporter.reportStep(Reporter.java:20)
	at utils.Reporter.reportStep(Reporter.java:43)
	at wrappers.GenericWrappers.takeSnap(GenericWrappers.java:586)
	at utils.Reporter.reportStep(Reporter.java:20)
	at utils.Reporter.reportStep(Reporter.java:43)
	at wrappers.GenericWrappers.takeSnap(GenericWrappers.java:586)
	at utils.Reporter.reportStep(Reporter.java:20)
	at utils.Reporter.reportStep(Reporter.java:43)
	at wrappers.GenericWrappers.takeSnap(GenericWrappers.java:586)
	at utils.Reporter.reportStep(Reporter.java:20)
	at utils.Reporter.reportStep(Reporter.java:43)
	at wrappers.GenericWrappers.takeSnap(GenericWrappers.java:586)
	at utils.Reporter.reportStep(Reporter.java:20)
	at utils.Reporter.reportStep(Reporter.java:43)
	at wrappers.GenericWrappers.takeSnap(GenericWrappers.java:586)
	at utils.Reporter.reportStep(Reporter.java:20)
	at utils.Reporter.reportStep(Reporter.java:43)
	at wrappers.GenericWrappers.takeSnap(GenericWrappers.java:586)
	at utils.Reporter.reportStep(Reporter.java:20)
	at utils.Reporter.reportStep(Reporter.java:43)
	at wrappers.GenericWrappers.takeSnap(GenericWrappers.java:586)
	at utils.Reporter.reportStep(Reporter.java:20)
	at utils.Reporter.reportStep(Reporter.java:43)
	at wrappers.GenericWrappers.takeSnap(GenericWrappers.java:586)
	at utils.Reporter.reportStep(Reporter.java:20)
	at utils.Reporter.reportStep(Reporter.java:43)
	at wrappers.GenericWrappers.takeSnap(GenericWrappers.java:586)
	at utils.Reporter.reportStep(Reporter.java:20)
	at utils.Reporter.reportStep(Reporter.java:43)
	at wrappers.GenericWrappers.takeSnap(GenericWrappers.java:586)
	at utils.Reporter.reportStep(Reporter.java:20)
	at utils.Reporter.reportStep(Reporter.java:43)
	at wrappers.GenericWrappers.takeSnap(GenericWrappers.java:586)
	at utils.Reporter.reportStep(Reporter.java:20)
	at utils.Reporter.reportStep(Reporter.java:43)
	at wrappers.GenericWrappers.takeSnap(GenericWrappers.java:586)
	at utils.Reporter.reportStep(Reporter.java:20)
	at utils.Reporter.reportStep(Reporter.java:43)
	at wrappers.GenericWrappers.takeSnap(GenericWrappers.java:586)
	at utils.Reporter.reportStep(Reporter.java:20)
	at utils.Reporter.reportStep(Reporter.java:43)
	at wrappers.GenericWrappers.takeSnap(GenericWrappers.java:586)
	at utils.Reporter.reportStep(Reporter.java:20)
	at utils.Reporter.reportStep(Reporter.java:43)
	at wrappers.GenericWrappers.takeSnap(GenericWrappers.java:586)
	at utils.Reporter.reportStep(Reporter.java:20)
	at utils.Reporter.reportStep(Reporter.java:43)
	at wrappers.GenericWrappers.takeSnap(GenericWrappers.java:586)
	at utils.Reporter.reportStep(Reporter.java:20)
	at utils.Reporter.reportStep(Reporter.java:43)
	at wrappers.GenericWrappers.takeSnap(GenericWrappers.java:586)
	at utils.Reporter.reportStep(Reporter.java:20)
	at utils.Reporter.reportStep(Reporter.java:43)
	at wrappers.GenericWrappers.takeSnap(GenericWrappers.java:586)
	at utils.Reporter.reportStep(Reporter.java:20)
	at utils.Reporter.reportStep(Reporter.java:43)
	at wrappers.GenericWrappers.takeSnap(GenericWrappers.java:586)
	at utils.Reporter.reportStep(Reporter.java:20)
	at utils.Reporter.reportStep(Reporter.java:43)
	at wrappers.GenericWrappers.takeSnap(GenericWrappers.java:586)
	at utils.Reporter.reportStep(Reporter.java:20)
	at utils.Reporter.reportStep(Reporter.java:43)
	at wrappers.GenericWrappers.takeSnap(GenericWrappers.java:586)
	at utils.Reporter.reportStep(Reporter.java:20)
	at utils.Reporter.reportStep(Reporter.java:43)
	at wrappers.GenericWrappers.takeSnap(GenericWrappers.java:586)
	at utils.Reporter.reportStep(Reporter.java:20)
	at utils.Reporter.reportStep(Reporter.java:43)
	at wrappers.GenericWrappers.takeSnap(GenericWrappers.java:586)
	at utils.Reporter.reportStep(Reporter.java:20)
	at utils.Reporter.reportStep(Reporter.java:43)
	at wrappers.GenericWrappers.takeSnap(GenericWrappers.java:586)
	at utils.Reporter.reportStep(Reporter.java:20)
	at utils.Reporter.reportStep(Reporter.java:43)
	at wrappers.GenericWrappers.takeSnap(GenericWrappers.java:586)
	at utils.Reporter.reportStep(Reporter.java:20)
	at utils.Reporter.reportStep(Reporter.java:43)
	at wrappers.GenericWrappers.takeSnap(GenericWrappers.java:586)
	at utils.Reporter.reportStep(Reporter.java:20)
	at utils.Reporter.reportStep(Reporter.java:43)
	at wrappers.GenericWrappers.takeSnap(GenericWrappers.java:586)
	at utils.Reporter.reportStep(Reporter.java:20)
	at utils.Reporter.reportStep(Reporter.java:43)
	at wrappers.GenericWrappers.takeSnap(GenericWrappers.java:586)
	at utils.Reporter.reportStep(Reporter.java:20)
	at utils.Reporter.reportStep(Reporter.java:43)
	at wrappers.GenericWrappers.takeSnap(GenericWrappers.java:586)
	at utils.Reporter.reportStep(Reporter.java:20)
	at utils.Reporter.reportStep(Reporter.java:43)
	at wrappers.GenericWrappers.takeSnap(GenericWrappers.java:586)
	at utils.Reporter.reportStep(Reporter.java:20)
	at utils.Reporter.reportStep(Reporter.java:43)
	at wrappers.GenericWrappers.takeSnap(GenericWrappers.java:586)
	at utils.Reporter.reportStep(Reporter.java:20)
	at utils.Reporter.reportStep(Reporter.java:43)
	at wrappers.GenericWrappers.takeSnap(GenericWrappers.java:586)
	at utils.Reporter.reportStep(Reporter.java:20)
	at utils.Reporter.reportStep(Reporter.java:43)
	at wrappers.GenericWrappers.takeSnap(GenericWrappers.java:586)
	at utils.Reporter.reportStep(Reporter.java:20)
	at utils.Reporter.reportStep(Reporter.java:43)
	at wrappers.GenericWrappers.takeSnap(GenericWrappers.java:586)
	at utils.Reporter.reportStep(Reporter.java:20)
	at utils.Reporter.reportStep(Reporter.java:43)
	at wrappers.GenericWrappers.takeSnap(GenericWrappers.java:586)
	at utils.Reporter.reportStep(Reporter.java:20)
	at utils.Reporter.reportStep(Reporter.java:43)
	at wrappers.GenericWrappers.takeSnap(GenericWrappers.java:586)
	at utils.Reporter.reportStep(Reporter.java:20)
	at utils.Reporter.reportStep(Reporter.java:43)
	at wrappers.GenericWrappers.takeSnap(GenericWrappers.java:586)
	at utils.Reporter.reportStep(Reporter.java:20)
	at utils.Reporter.reportStep(Reporter.java:43)
	at wrappers.GenericWrappers.takeSnap(GenericWrappers.java:586)
	at utils.Reporter.reportStep(Reporter.java:20)
	at utils.Reporter.reportStep(Reporter.java:43)
	at wrappers.GenericWrappers.takeSnap(GenericWrappers.java:586)
	at utils.Reporter.reportStep(Reporter.java:20)
	at utils.Reporter.reportStep(Reporter.java:43)
	at wrappers.GenericWrappers.takeSnap(GenericWrappers.java:586)
	at utils.Reporter.reportStep(Reporter.java:20)
	at utils.Reporter.reportStep(Reporter.java:43)
	at wrappers.GenericWrappers.takeSnap(GenericWrappers.java:586)
	at utils.Reporter.reportStep(Reporter.java:20)
	at utils.Reporter.reportStep(Reporter.java:43)
	at wrappers.GenericWrappers.takeSnap(GenericWrappers.java:586)
	at utils.Reporter.reportStep(Reporter.java:20)
	at utils.Reporter.reportStep(Reporter.java:43)
	at wrappers.GenericWrappers.takeSnap(GenericWrappers.java:586)
	at utils.Reporter.reportStep(Reporter.java:20)
	at utils.Reporter.reportStep(Reporter.java:43)
	at wrappers.GenericWrappers.takeSnap(GenericWrappers.java:586)
	at utils.Reporter.reportStep(Reporter.java:20)
	at utils.Reporter.reportStep(Reporter.java:43)
	at wrappers.GenericWrappers.takeSnap(GenericWrappers.java:586)
	at utils.Reporter.reportStep(Reporter.java:20)
	at utils.Reporter.reportStep(Reporter.java:43)
	at wrappers.GenericWrappers.takeSnap(GenericWrappers.java:586)
	at utils.Reporter.reportStep(Reporter.java:20)
	at utils.Reporter.reportStep(Reporter.java:43)
	at wrappers.GenericWrappers.takeSnap(GenericWrappers.java:586)
	at utils.Reporter.reportStep(Reporter.java:20)
	at utils.Reporter.reportStep(Reporter.java:43)
	at wrappers.GenericWrappers.takeSnap(GenericWrappers.java:586)
	at utils.Reporter.reportStep(Reporter.java:20)
	at utils.Reporter.reportStep(Reporter.java:43)
	at wrappers.GenericWrappers.takeSnap(GenericWrappers.java:586)
	at utils.Reporter.reportStep(Reporter.java:20)
	at utils.Reporter.reportStep(Reporter.java:43)
	at wrappers.GenericWrappers.takeSnap(GenericWrappers.java:586)
	at utils.Reporter.reportStep(Reporter.java:20)
	at utils.Reporter.reportStep(Reporter.java:43)
	at wrappers.GenericWrappers.takeSnap(GenericWrappers.java:586)
	at utils.Reporter.reportStep(Reporter.java:20)
	at utils.Reporter.reportStep(Reporter.java:43)
	at wrappers.GenericWrappers.takeSnap(GenericWrappers.java:586)
	at utils.Reporter.reportStep(Reporter.java:20)
	at utils.Reporter.reportStep(Reporter.java:43)
	at wrappers.GenericWrappers.takeSnap(GenericWrappers.java:586)
	at utils.Reporter.reportStep(Reporter.java:20)
	at utils.Reporter.reportStep(Reporter.java:43)
	at wrappers.GenericWrappers.takeSnap(GenericWrappers.java:586)
	at utils.Reporter.reportStep(Reporter.java:20)
	at utils.Reporter.reportStep(Reporter.java:43)
	at wrappers.GenericWrappers.takeSnap(GenericWrappers.java:586)
	at utils.Reporter.reportStep(Reporter.java:20)
	at utils.Reporter.reportStep(Reporter.java:43)
	at wrappers.GenericWrappers.takeSnap(GenericWrappers.java:586)
	at utils.Reporter.reportStep(Reporter.java:20)
	at utils.Reporter.reportStep(Reporter.java:43)
	at wrappers.GenericWrappers.takeSnap(GenericWrappers.java:586)
	at utils.Reporter.reportStep(Reporter.java:20)
	at utils.Reporter.reportStep(Reporter.java:43)
	at wrappers.GenericWrappers.takeSnap(GenericWrappers.java:586)
	at utils.Reporter.reportStep(Reporter.java:20)
	at utils.Reporter.reportStep(Reporter.java:43)
	at wrappers.GenericWrappers.takeSnap(GenericWrappers.java:586)
	at utils.Reporter.reportStep(Reporter.java:20)
	at utils.Reporter.reportStep(Reporter.java:43)
	at wrappers.GenericWrappers.takeSnap(GenericWrappers.java:586)
	at utils.Reporter.reportStep(Reporter.java:20)
	at utils.Reporter.reportStep(Reporter.java:43)
	at wrappers.GenericWrappers.takeSnap(GenericWrappers.java:586)
	at utils.Reporter.reportStep(Reporter.java:20)
	at utils.Reporter.reportStep(Reporter.java:43)
	at wrappers.GenericWrappers.takeSnap(GenericWrappers.java:586)
	at utils.Reporter.reportStep(Reporter.java:20)
	at utils.Reporter.reportStep(Reporter.java:43)
	at wrappers.GenericWrappers.takeSnap(GenericWrappers.java:586)
	at utils.Reporter.reportStep(Reporter.java:20)
	at utils.Reporter.reportStep(Reporter.java:43)
	at wrappers.GenericWrappers.takeSnap(GenericWrappers.java:586)
	at utils.Reporter.reportStep(Reporter.java:20)
	at utils.Reporter.reportStep(Reporter.java:43)
	at wrappers.GenericWrappers.takeSnap(GenericWrappers.java:586)
	at utils.Reporter.reportStep(Reporter.java:20)
	at utils.Reporter.reportStep(Reporter.java:43)
	at wrappers.GenericWrappers.takeSnap(GenericWrappers.java:586)
	at utils.Reporter.reportStep(Reporter.java:20)
	at utils.Reporter.reportStep(Reporter.java:43)
	at wrappers.GenericWrappers.takeSnap(GenericWrappers.java:586)
	at utils.Reporter.reportStep(Reporter.java:20)
	at utils.Reporter.reportStep(Reporter.java:43)
	at wrappers.GenericWrappers.takeSnap(GenericWrappers.java:586)
	at utils.Reporter.reportStep(Reporter.java:20)
	at utils.Reporter.reportStep(Reporter.java:43)
	at wrappers.GenericWrappers.takeSnap(GenericWrappers.java:586)
	at utils.Reporter.reportStep(Reporter.java:20)
	at utils.Reporter.reportStep(Reporter.java:43)
	at wrappers.GenericWrappers.takeSnap(GenericWrappers.java:586)
	at utils.Reporter.reportStep(Reporter.java:20)
	at utils.Reporter.reportStep(Reporter.java:43)
	at wrappers.GenericWrappers.takeSnap(GenericWrappers.java:586)
	at utils.Reporter.reportStep(Reporter.java:20)
	at utils.Reporter.reportStep(Reporter.java:43)
	at wrappers.GenericWrappers.takeSnap(GenericWrappers.java:586)
	at utils.Reporter.reportStep(Reporter.java:20)
	at utils.Reporter.reportStep(Reporter.java:43)
	at wrappers.GenericWrappers.takeSnap(GenericWrappers.java:586)
	at utils.Reporter.reportStep(Reporter.java:20)
	at utils.Reporter.reportStep(Reporter.java:43)
	at wrappers.GenericWrappers.takeSnap(GenericWrappers.java:586)
	at utils.Reporter.reportStep(Reporter.java:20)
	at utils.Reporter.reportStep(Reporter.java:43)
	at wrappers.GenericWrappers.takeSnap(GenericWrappers.java:586)
	at utils.Reporter.reportStep(Reporter.java:20)
	at utils.Reporter.reportStep(Reporter.java:43)
	at wrappers.GenericWrappers.takeSnap(GenericWrappers.java:586)
	at utils.Reporter.reportStep(Reporter.java:20)
	at utils.Reporter.reportStep(Reporter.java:43)
	at wrappers.GenericWrappers.takeSnap(GenericWrappers.java:586)
	at utils.Reporter.reportStep(Reporter.java:20)
	at utils.Reporter.reportStep(Reporter.java:43)
	at wrappers.GenericWrappers.takeSnap(GenericWrappers.java:586)
	at utils.Reporter.reportStep(Reporter.java:20)
	at utils.Reporter.reportStep(Reporter.java:43)
	at wrappers.GenericWrappers.takeSnap(GenericWrappers.java:586)
	at utils.Reporter.reportStep(Reporter.java:20)
	at utils.Reporter.reportStep(Reporter.java:43)
	at wrappers.GenericWrappers.takeSnap(GenericWrappers.java:586)
	at utils.Reporter.reportStep(Reporter.java:20)
	at utils.Reporter.reportStep(Reporter.java:43)
	at wrappers.GenericWrappers.takeSnap(GenericWrappers.java:586)
	at utils.Reporter.reportStep(Reporter.java:20)
	at utils.Reporter.reportStep(Reporter.java:43)
	at wrappers.GenericWrappers.takeSnap(GenericWrappers.java:586)
	at utils.Reporter.reportStep(Reporter.java:20)
	at utils.Reporter.reportStep(Reporter.java:43)
	at wrappers.GenericWrappers.takeSnap(GenericWrappers.java:586)
	at utils.Reporter.reportStep(Reporter.java:20)
	at utils.Reporter.reportStep(Reporter.java:43)
	at wrappers.GenericWrappers.takeSnap(GenericWrappers.java:586)
	at utils.Reporter.reportStep(Reporter.java:20)
	at utils.Reporter.reportStep(Reporter.java:43)
	at wrappers.GenericWrappers.takeSnap(GenericWrappers.java:586)
	at utils.Reporter.reportStep(Reporter.java:20)
	at utils.Reporter.reportStep(Reporter.java:43)
	at wrappers.GenericWrappers.takeSnap(GenericWrappers.java:586)
	at utils.Reporter.reportStep(Reporter.java:20)
	at utils.Reporter.reportStep(Reporter.java:43)
	at wrappers.GenericWrappers.takeSnap(GenericWrappers.java:586)
	at utils.Reporter.reportStep(Reporter.java:20)
	at utils.Reporter.reportStep(Reporter.java:43)
	at wrappers.GenericWrappers.takeSnap(GenericWrappers.java:586)
	at utils.Reporter.reportStep(Reporter.java:20)
	at utils.Reporter.reportStep(Reporter.java:43)
	at wrappers.GenericWrappers.takeSnap(GenericWrappers.java:586)
	at utils.Reporter.reportStep(Reporter.java:20)
	at utils.Reporter.reportStep(Reporter.java:43)
	at wrappers.GenericWrappers.takeSnap(GenericWrappers.java:586)
	at utils.Reporter.reportStep(Reporter.java:20)
	at utils.Reporter.reportStep(Reporter.java:43)
	at wrappers.GenericWrappers.takeSnap(GenericWrappers.java:586)
	at utils.Reporter.reportStep(Reporter.java:20)
	at utils.Reporter.reportStep(Reporter.java:43)
	at wrappers.GenericWrappers.takeSnap(GenericWrappers.java:586)
	at utils.Reporter.reportStep(Reporter.java:20)
	at utils.Reporter.reportStep(Reporter.java:43)
	at wrappers.GenericWrappers.takeSnap(GenericWrappers.java:586)
	at utils.Reporter.reportStep(Reporter.java:20)
	at utils.Reporter.reportStep(Reporter.java:43)
	at wrappers.GenericWrappers.takeSnap(GenericWrappers.java:586)
	at utils.Reporter.reportStep(Reporter.java:20)
	at utils.Reporter.reportStep(Reporter.java:43)
	at wrappers.GenericWrappers.takeSnap(GenericWrappers.java:586)
	at utils.Reporter.reportStep(Reporter.java:20)
	at utils.Reporter.reportStep(Reporter.java:43)
	at wrappers.GenericWrappers.takeSnap(GenericWrappers.java:586)
	at utils.Reporter.reportStep(Reporter.java:20)
	at utils.Reporter.reportStep(Reporter.java:43)
	at wrappers.GenericWrappers.takeSnap(GenericWrappers.java:586)
	at utils.Reporter.reportStep(Reporter.java:20)
	at utils.Reporter.reportStep(Reporter.java:43)
	at wrappers.GenericWrappers.takeSnap(GenericWrappers.java:586)
	at utils.Reporter.reportStep(Reporter.java:20)
	at utils.Reporter.reportStep(Reporter.java:43)
	at wrappers.GenericWrappers.takeSnap(GenericWrappers.java:586)
	at utils.Reporter.reportStep(Reporter.java:20)
	at utils.Reporter.reportStep(Reporter.java:43)
	at wrappers.GenericWrappers.takeSnap(GenericWrappers.java:586)
	at utils.Reporter.reportStep(Reporter.java:20)
	at utils.Reporter.reportStep(Reporter.java:43)
	at wrappers.GenericWrappers.takeSnap(GenericWrappers.java:586)
	at utils.Reporter.reportStep(Reporter.java:20)
	at utils.Reporter.reportStep(Reporter.java:43)
	at wrappers.GenericWrappers.takeSnap(GenericWrappers.java:586)
	at utils.Reporter.reportStep(Reporter.java:20)
	at utils.Reporter.reportStep(Reporter.java:43)
	at wrappers.GenericWrappers.takeSnap(GenericWrappers.java:586)
	at utils.Reporter.reportStep(Reporter.java:20)
	at utils.Reporter.reportStep(Reporter.java:43)
	at wrappers.GenericWrappers.takeSnap(GenericWrappers.java:586)
	at utils.Reporter.reportStep(Reporter.java:20)
	at utils.Reporter.reportStep(Reporter.java:43)
	at wrappers.GenericWrappers.takeSnap(GenericWrappers.java:586)
	at utils.Reporter.reportStep(Reporter.java:20)
	at utils.Reporter.reportStep(Reporter.java:43)
	at wrappers.GenericWrappers.takeSnap(GenericWrappers.java:586)
	at utils.Reporter.reportStep(Reporter.java:20)
	at utils.Reporter.reportStep(Reporter.java:43)
	at wrappers.GenericWrappers.takeSnap(GenericWrappers.java:586)
	at utils.Reporter.reportStep(Reporter.java:20)
	at utils.Reporter.reportStep(Reporter.java:43)
	at wrappers.GenericWrappers.takeSnap(GenericWrappers.java:586)
	at utils.Reporter.reportStep(Reporter.java:20)
	at utils.Reporter.reportStep(Reporter.java:43)
	at wrappers.GenericWrappers.takeSnap(GenericWrappers.java:586)
	at utils.Reporter.reportStep(Reporter.java:20)
	at utils.Reporter.reportStep(Reporter.java:43)
	at wrappers.GenericWrappers.takeSnap(GenericWrappers.java:586)
	at utils.Reporter.reportStep(Reporter.java:20)
	at utils.Reporter.reportStep(Reporter.java:43)
	at wrappers.GenericWrappers.takeSnap(GenericWrappers.java:586)
	at utils.Reporter.reportStep(Reporter.java:20)
	at utils.Reporter.reportStep(Reporter.java:43)
	at wrappers.GenericWrappers.takeSnap(GenericWrappers.java:586)
	at utils.Reporter.reportStep(Reporter.java:20)
	at utils.Reporter.reportStep(Reporter.java:43)
	at wrappers.GenericWrappers.takeSnap(GenericWrappers.java:586)
	at utils.Reporter.reportStep(Reporter.java:20)
	at utils.Reporter.reportStep(Reporter.java:43)
	at wrappers.GenericWrappers.takeSnap(GenericWrappers.java:586)
	at utils.Reporter.reportStep(Reporter.java:20)
	at utils.Reporter.reportStep(Reporter.java:43)
	at wrappers.GenericWrappers.takeSnap(GenericWrappers.java:586)
	at utils.Reporter.reportStep(Reporter.java:20)
	at utils.Reporter.reportStep(Reporter.java:43)
	at wrappers.GenericWrappers.takeSnap(GenericWrappers.java:586)
	at utils.Reporter.reportStep(Reporter.java:20)
	at utils.Reporter.reportStep(Reporter.java:43)
	at wrappers.GenericWrappers.takeSnap(GenericWrappers.java:586)
	at utils.Reporter.reportStep(Reporter.java:20)
	at utils.Reporter.reportStep(Reporter.java:43)
]]>
    </failure>
  </testcase> <!-- login -->
  <testcase name="login" time="0.001" classname="testcases.TC004_EditLead">
    <skipped/>
  </testcase> <!-- login -->
</testsuite> <!-- Test -->
